<?xml version="1.0" encoding="UTF-8"?>
<robot generator="Robot 4.0.1 (Python 3.9.4 on win32)" generated="20210813 02:09:20.570" rpa="false" schemaversion="2">
<suite id="s1" name="Accenture" source="C:\Users\Andre\Desktop\Luis\Estudos\Linguagem de Programação\Robot Framework - VS Code\Teste Accenture\Testes\Accenture.robot">
<test id="s1-t1" name="CT01- Preencher os formulários das paginas e clicando no Botão Next">
<kw name="Iniciar Sessão" library="resource" type="SETUP">
<kw name="Open Browser" library="SeleniumLibrary">
<arg>${URL}</arg>
<arg>${BROWSER}</arg>
<doc>Opens a new browser instance to the optional ``url``.</doc>
<msg timestamp="20210813 02:09:21.405" level="INFO">Opening browser 'chrome' to base url 'http://sampleapp.tricentis.com/101/app.php'.</msg>
<status status="PASS" starttime="20210813 02:09:21.405" endtime="20210813 02:09:26.029"/>
</kw>
<kw name="Maximize Browser Window" library="SeleniumLibrary">
<doc>Maximizes current browser window.</doc>
<status status="PASS" starttime="20210813 02:09:26.030" endtime="20210813 02:09:26.160"/>
</kw>
<kw name="Wait Until Element Is Visible" library="SeleniumLibrary">
<arg>${Logo}</arg>
<arg>10</arg>
<doc>Waits until the element ``locator`` is visible.</doc>
<status status="PASS" starttime="20210813 02:09:26.161" endtime="20210813 02:09:26.208"/>
</kw>
<kw name="Sleep" library="BuiltIn">
<arg>5</arg>
<doc>Pauses the test executed for the given time.</doc>
<msg timestamp="20210813 02:09:31.213" level="INFO">Slept 5 seconds</msg>
<status status="PASS" starttime="20210813 02:09:26.208" endtime="20210813 02:09:31.213"/>
</kw>
<kw name="Capture Page Screenshot" library="SeleniumLibrary">
<doc>Takes a screenshot of the current page and embeds it into a log file.</doc>
<msg timestamp="20210813 02:09:31.449" level="INFO" html="true">&lt;/td&gt;&lt;/tr&gt;&lt;tr&gt;&lt;td colspan="3"&gt;&lt;a href="selenium-screenshot-247.png"&gt;&lt;img src="selenium-screenshot-247.png" width="800px"&gt;&lt;/a&gt;</msg>
<status status="PASS" starttime="20210813 02:09:31.213" endtime="20210813 02:09:31.450"/>
</kw>
<status status="PASS" starttime="20210813 02:09:21.404" endtime="20210813 02:09:31.450"/>
</kw>
<kw name="Dado que eu como usuario acesso o site Tricents" library="steps">
<kw name="Olha se Existe" library="resource">
<arg>${Vehicle}</arg>
<kw name="Wait Until Element Is Visible" library="SeleniumLibrary">
<arg>${element}</arg>
<arg>20</arg>
<doc>Waits until the element ``locator`` is visible.</doc>
<status status="PASS" starttime="20210813 02:09:31.453" endtime="20210813 02:09:31.502"/>
</kw>
<kw name="Capture Page Screenshot" library="SeleniumLibrary">
<doc>Takes a screenshot of the current page and embeds it into a log file.</doc>
<msg timestamp="20210813 02:09:31.715" level="INFO" html="true">&lt;/td&gt;&lt;/tr&gt;&lt;tr&gt;&lt;td colspan="3"&gt;&lt;a href="selenium-screenshot-248.png"&gt;&lt;img src="selenium-screenshot-248.png" width="800px"&gt;&lt;/a&gt;</msg>
<status status="PASS" starttime="20210813 02:09:31.503" endtime="20210813 02:09:31.716"/>
</kw>
<status status="PASS" starttime="20210813 02:09:31.452" endtime="20210813 02:09:31.716"/>
</kw>
<status status="PASS" starttime="20210813 02:09:31.451" endtime="20210813 02:09:31.716"/>
</kw>
<kw name="Quando preencho as informações da Primeira tela com &quot;${make}&quot;, &quot;${model}&quot;, &quot;${cylinder}&quot;, &quot;${kws}&quot;, &quot;${date}&quot;, &quot;${number}&quot;, &quot;${boolean}&quot;, &quot;${fuel}&quot;, &quot;${payload}&quot;, &quot;${weight}&quot;, &quot;${price}&quot;, &quot;${plate}&quot; e &quot;${mileage}&quot;" library="steps" sourcename="Quando preencho as informações da Primeira tela com &quot;${make}&quot;, &quot;${model}&quot;, &quot;${cylinder}&quot;, &quot;${kws}&quot;, &quot;${date}&quot;, &quot;${number}&quot;, &quot;${boolean}&quot;, &quot;${fuel}&quot;, &quot;${payload}&quot;, &quot;${weight}&quot;, &quot;${price}&quot;, &quot;${plate}&quot; e &quot;${mileage}&quot;">
<kw name="Verifica Se ComboBox Esta Na Tela" library="resource">
<arg>${MakeComboBx}</arg>
<arg>${make}</arg>
<kw name="Run Keyword And Return Status" library="BuiltIn">
<var>${Status}</var>
<arg>Olha se Existe</arg>
<arg>${pageObject}</arg>
<doc>Runs the given keyword with given arguments and returns the status as a Boolean value.</doc>
<kw name="Olha se Existe" library="resource">
<arg>${pageObject}</arg>
<kw name="Wait Until Element Is Visible" library="SeleniumLibrary">
<arg>${element}</arg>
<arg>20</arg>
<doc>Waits until the element ``locator`` is visible.</doc>
<status status="PASS" starttime="20210813 02:09:31.723" endtime="20210813 02:09:31.767"/>
</kw>
<kw name="Capture Page Screenshot" library="SeleniumLibrary">
<doc>Takes a screenshot of the current page and embeds it into a log file.</doc>
<msg timestamp="20210813 02:09:31.981" level="INFO" html="true">&lt;/td&gt;&lt;/tr&gt;&lt;tr&gt;&lt;td colspan="3"&gt;&lt;a href="selenium-screenshot-249.png"&gt;&lt;img src="selenium-screenshot-249.png" width="800px"&gt;&lt;/a&gt;</msg>
<status status="PASS" starttime="20210813 02:09:31.768" endtime="20210813 02:09:31.981"/>
</kw>
<status status="PASS" starttime="20210813 02:09:31.722" endtime="20210813 02:09:31.982"/>
</kw>
<msg timestamp="20210813 02:09:31.982" level="INFO">${Status} = True</msg>
<status status="PASS" starttime="20210813 02:09:31.722" endtime="20210813 02:09:31.982"/>
</kw>
<kw name="Run Keyword If" library="BuiltIn">
<arg>'${Status}' == 'True'</arg>
<arg>Seleciona Item Combo Box</arg>
<arg>${pageObject}</arg>
<arg>${opção}</arg>
<doc>Runs the given keyword with the given arguments, if ``condition`` is true.</doc>
<kw name="Seleciona Item Combo Box" library="resource">
<arg>${pageObject}</arg>
<arg>${opção}</arg>
<kw name="Sleep" library="BuiltIn">
<arg>1</arg>
<doc>Pauses the test executed for the given time.</doc>
<msg timestamp="20210813 02:09:32.992" level="INFO">Slept 1 second</msg>
<status status="PASS" starttime="20210813 02:09:31.985" endtime="20210813 02:09:32.993"/>
</kw>
<kw name="Wait Until Element Is Visible" library="SeleniumLibrary">
<arg>${combobox}</arg>
<arg>20</arg>
<doc>Waits until the element ``locator`` is visible.</doc>
<status status="PASS" starttime="20210813 02:09:32.993" endtime="20210813 02:09:33.016"/>
</kw>
<kw name="Click Element" library="SeleniumLibrary">
<arg>${combobox}</arg>
<doc>Click the element identified by ``locator``.</doc>
<msg timestamp="20210813 02:09:33.017" level="INFO">Clicking element 'xpath=//select[@id='make']'.</msg>
<status status="PASS" starttime="20210813 02:09:33.017" endtime="20210813 02:09:33.118"/>
</kw>
<kw name="Set Variable" library="BuiltIn">
<var>${Item}</var>
<arg>${combobox}//option[@value='${itemcombobox}']</arg>
<doc>Returns the given values which can then be assigned to a variables.</doc>
<msg timestamp="20210813 02:09:33.121" level="INFO">${Item} = xpath=//select[@id='make']//option[@value='Porsche']</msg>
<status status="PASS" starttime="20210813 02:09:33.119" endtime="20210813 02:09:33.121"/>
</kw>
<kw name="Wait Until Element Is Visible" library="SeleniumLibrary">
<arg>${Item}</arg>
<arg>20</arg>
<doc>Waits until the element ``locator`` is visible.</doc>
<status status="PASS" starttime="20210813 02:09:33.121" endtime="20210813 02:09:33.162"/>
</kw>
<kw name="Click Element" library="SeleniumLibrary">
<arg>${Item}</arg>
<doc>Click the element identified by ``locator``.</doc>
<msg timestamp="20210813 02:09:33.163" level="INFO">Clicking element 'xpath=//select[@id='make']//option[@value='Porsche']'.</msg>
<status status="PASS" starttime="20210813 02:09:33.162" endtime="20210813 02:09:33.224"/>
</kw>
<status status="PASS" starttime="20210813 02:09:31.984" endtime="20210813 02:09:33.224"/>
</kw>
<status status="PASS" starttime="20210813 02:09:31.983" endtime="20210813 02:09:33.225"/>
</kw>
<status status="PASS" starttime="20210813 02:09:31.720" endtime="20210813 02:09:33.225"/>
</kw>
<kw name="Verifica Se ComboBox Esta Na Tela" library="resource">
<arg>${ModelComboBx}</arg>
<arg>${model}</arg>
<kw name="Run Keyword And Return Status" library="BuiltIn">
<var>${Status}</var>
<arg>Olha se Existe</arg>
<arg>${pageObject}</arg>
<doc>Runs the given keyword with given arguments and returns the status as a Boolean value.</doc>
<kw name="Olha se Existe" library="resource">
<arg>${pageObject}</arg>
<kw name="Wait Until Element Is Visible" library="SeleniumLibrary">
<arg>${element}</arg>
<arg>20</arg>
<doc>Waits until the element ``locator`` is visible.</doc>
<status status="PASS" starttime="20210813 02:09:33.230" endtime="20210813 02:09:33.267"/>
</kw>
<kw name="Capture Page Screenshot" library="SeleniumLibrary">
<doc>Takes a screenshot of the current page and embeds it into a log file.</doc>
<msg timestamp="20210813 02:09:33.476" level="INFO" html="true">&lt;/td&gt;&lt;/tr&gt;&lt;tr&gt;&lt;td colspan="3"&gt;&lt;a href="selenium-screenshot-250.png"&gt;&lt;img src="selenium-screenshot-250.png" width="800px"&gt;&lt;/a&gt;</msg>
<status status="PASS" starttime="20210813 02:09:33.267" endtime="20210813 02:09:33.477"/>
</kw>
<status status="PASS" starttime="20210813 02:09:33.229" endtime="20210813 02:09:33.477"/>
</kw>
<msg timestamp="20210813 02:09:33.477" level="INFO">${Status} = True</msg>
<status status="PASS" starttime="20210813 02:09:33.228" endtime="20210813 02:09:33.477"/>
</kw>
<kw name="Run Keyword If" library="BuiltIn">
<arg>'${Status}' == 'True'</arg>
<arg>Seleciona Item Combo Box</arg>
<arg>${pageObject}</arg>
<arg>${opção}</arg>
<doc>Runs the given keyword with the given arguments, if ``condition`` is true.</doc>
<kw name="Seleciona Item Combo Box" library="resource">
<arg>${pageObject}</arg>
<arg>${opção}</arg>
<kw name="Sleep" library="BuiltIn">
<arg>1</arg>
<doc>Pauses the test executed for the given time.</doc>
<msg timestamp="20210813 02:09:34.484" level="INFO">Slept 1 second</msg>
<status status="PASS" starttime="20210813 02:09:33.480" endtime="20210813 02:09:34.484"/>
</kw>
<kw name="Wait Until Element Is Visible" library="SeleniumLibrary">
<arg>${combobox}</arg>
<arg>20</arg>
<doc>Waits until the element ``locator`` is visible.</doc>
<status status="PASS" starttime="20210813 02:09:34.484" endtime="20210813 02:09:34.511"/>
</kw>
<kw name="Click Element" library="SeleniumLibrary">
<arg>${combobox}</arg>
<doc>Click the element identified by ``locator``.</doc>
<msg timestamp="20210813 02:09:34.512" level="INFO">Clicking element 'xpath=//select[@id='model']'.</msg>
<status status="PASS" starttime="20210813 02:09:34.511" endtime="20210813 02:09:34.616"/>
</kw>
<kw name="Set Variable" library="BuiltIn">
<var>${Item}</var>
<arg>${combobox}//option[@value='${itemcombobox}']</arg>
<doc>Returns the given values which can then be assigned to a variables.</doc>
<msg timestamp="20210813 02:09:34.617" level="INFO">${Item} = xpath=//select[@id='model']//option[@value='Motorcycle']</msg>
<status status="PASS" starttime="20210813 02:09:34.616" endtime="20210813 02:09:34.618"/>
</kw>
<kw name="Wait Until Element Is Visible" library="SeleniumLibrary">
<arg>${Item}</arg>
<arg>20</arg>
<doc>Waits until the element ``locator`` is visible.</doc>
<status status="PASS" starttime="20210813 02:09:34.618" endtime="20210813 02:09:34.658"/>
</kw>
<kw name="Click Element" library="SeleniumLibrary">
<arg>${Item}</arg>
<doc>Click the element identified by ``locator``.</doc>
<msg timestamp="20210813 02:09:34.658" level="INFO">Clicking element 'xpath=//select[@id='model']//option[@value='Motorcycle']'.</msg>
<status status="PASS" starttime="20210813 02:09:34.658" endtime="20210813 02:09:34.718"/>
</kw>
<status status="PASS" starttime="20210813 02:09:33.479" endtime="20210813 02:09:34.719"/>
</kw>
<status status="PASS" starttime="20210813 02:09:33.478" endtime="20210813 02:09:34.719"/>
</kw>
<status status="PASS" starttime="20210813 02:09:33.226" endtime="20210813 02:09:34.719"/>
</kw>
<kw name="Verifica Se Input Esta Na Tela" library="resource">
<arg>${CylinderInput}</arg>
<arg>${cylinder}</arg>
<kw name="Run Keyword And Return Status" library="BuiltIn">
<var>${Status}</var>
<arg>Olha se Existe</arg>
<arg>${pageObject}</arg>
<doc>Runs the given keyword with given arguments and returns the status as a Boolean value.</doc>
<kw name="Olha se Existe" library="resource">
<arg>${pageObject}</arg>
<kw name="Wait Until Element Is Visible" library="SeleniumLibrary">
<arg>${element}</arg>
<arg>20</arg>
<doc>Waits until the element ``locator`` is visible.</doc>
<status status="PASS" starttime="20210813 02:09:34.723" endtime="20210813 02:09:34.761"/>
</kw>
<kw name="Capture Page Screenshot" library="SeleniumLibrary">
<doc>Takes a screenshot of the current page and embeds it into a log file.</doc>
<msg timestamp="20210813 02:09:34.985" level="INFO" html="true">&lt;/td&gt;&lt;/tr&gt;&lt;tr&gt;&lt;td colspan="3"&gt;&lt;a href="selenium-screenshot-251.png"&gt;&lt;img src="selenium-screenshot-251.png" width="800px"&gt;&lt;/a&gt;</msg>
<status status="PASS" starttime="20210813 02:09:34.761" endtime="20210813 02:09:34.986"/>
</kw>
<status status="PASS" starttime="20210813 02:09:34.722" endtime="20210813 02:09:34.986"/>
</kw>
<msg timestamp="20210813 02:09:34.986" level="INFO">${Status} = True</msg>
<status status="PASS" starttime="20210813 02:09:34.721" endtime="20210813 02:09:34.986"/>
</kw>
<kw name="Run Keyword If" library="BuiltIn">
<arg>'${Status}' == 'True'</arg>
<arg>Preenche Text</arg>
<arg>${pageObject}</arg>
<arg>${opção}</arg>
<doc>Runs the given keyword with the given arguments, if ``condition`` is true.</doc>
<kw name="Preenche Text" library="resource">
<arg>${pageObject}</arg>
<arg>${opção}</arg>
<kw name="Sleep" library="BuiltIn">
<arg>1</arg>
<doc>Pauses the test executed for the given time.</doc>
<msg timestamp="20210813 02:09:35.995" level="INFO">Slept 1 second</msg>
<status status="PASS" starttime="20210813 02:09:34.989" endtime="20210813 02:09:35.995"/>
</kw>
<kw name="Wait Until Element Is Visible" library="SeleniumLibrary">
<arg>${input}</arg>
<arg>20</arg>
<doc>Waits until the element ``locator`` is visible.</doc>
<status status="PASS" starttime="20210813 02:09:35.995" endtime="20210813 02:09:36.022"/>
</kw>
<kw name="Input Text" library="SeleniumLibrary">
<arg>${input}</arg>
<arg>${Text}</arg>
<doc>Types the given ``text`` into the text field identified by ``locator``.</doc>
<msg timestamp="20210813 02:09:36.023" level="INFO">Typing text '1000' into text field 'xpath=//input[@id='cylindercapacity']'.</msg>
<status status="PASS" starttime="20210813 02:09:36.022" endtime="20210813 02:09:36.232"/>
</kw>
<kw name="Capture Page Screenshot" library="SeleniumLibrary">
<doc>Takes a screenshot of the current page and embeds it into a log file.</doc>
<msg timestamp="20210813 02:09:36.473" level="INFO" html="true">&lt;/td&gt;&lt;/tr&gt;&lt;tr&gt;&lt;td colspan="3"&gt;&lt;a href="selenium-screenshot-252.png"&gt;&lt;img src="selenium-screenshot-252.png" width="800px"&gt;&lt;/a&gt;</msg>
<status status="PASS" starttime="20210813 02:09:36.233" endtime="20210813 02:09:36.473"/>
</kw>
<status status="PASS" starttime="20210813 02:09:34.988" endtime="20210813 02:09:36.474"/>
</kw>
<status status="PASS" starttime="20210813 02:09:34.987" endtime="20210813 02:09:36.474"/>
</kw>
<status status="PASS" starttime="20210813 02:09:34.720" endtime="20210813 02:09:36.474"/>
</kw>
<kw name="Verifica Se Input Esta Na Tela" library="resource">
<arg>${EnginerInput}</arg>
<arg>${kws}</arg>
<kw name="Run Keyword And Return Status" library="BuiltIn">
<var>${Status}</var>
<arg>Olha se Existe</arg>
<arg>${pageObject}</arg>
<doc>Runs the given keyword with given arguments and returns the status as a Boolean value.</doc>
<kw name="Olha se Existe" library="resource">
<arg>${pageObject}</arg>
<kw name="Wait Until Element Is Visible" library="SeleniumLibrary">
<arg>${element}</arg>
<arg>20</arg>
<doc>Waits until the element ``locator`` is visible.</doc>
<status status="PASS" starttime="20210813 02:09:36.478" endtime="20210813 02:09:36.516"/>
</kw>
<kw name="Capture Page Screenshot" library="SeleniumLibrary">
<doc>Takes a screenshot of the current page and embeds it into a log file.</doc>
<msg timestamp="20210813 02:09:36.809" level="INFO" html="true">&lt;/td&gt;&lt;/tr&gt;&lt;tr&gt;&lt;td colspan="3"&gt;&lt;a href="selenium-screenshot-253.png"&gt;&lt;img src="selenium-screenshot-253.png" width="800px"&gt;&lt;/a&gt;</msg>
<status status="PASS" starttime="20210813 02:09:36.516" endtime="20210813 02:09:36.810"/>
</kw>
<status status="PASS" starttime="20210813 02:09:36.476" endtime="20210813 02:09:36.810"/>
</kw>
<msg timestamp="20210813 02:09:36.810" level="INFO">${Status} = True</msg>
<status status="PASS" starttime="20210813 02:09:36.476" endtime="20210813 02:09:36.810"/>
</kw>
<kw name="Run Keyword If" library="BuiltIn">
<arg>'${Status}' == 'True'</arg>
<arg>Preenche Text</arg>
<arg>${pageObject}</arg>
<arg>${opção}</arg>
<doc>Runs the given keyword with the given arguments, if ``condition`` is true.</doc>
<kw name="Preenche Text" library="resource">
<arg>${pageObject}</arg>
<arg>${opção}</arg>
<kw name="Sleep" library="BuiltIn">
<arg>1</arg>
<doc>Pauses the test executed for the given time.</doc>
<msg timestamp="20210813 02:09:37.815" level="INFO">Slept 1 second</msg>
<status status="PASS" starttime="20210813 02:09:36.813" endtime="20210813 02:09:37.815"/>
</kw>
<kw name="Wait Until Element Is Visible" library="SeleniumLibrary">
<arg>${input}</arg>
<arg>20</arg>
<doc>Waits until the element ``locator`` is visible.</doc>
<status status="PASS" starttime="20210813 02:09:37.816" endtime="20210813 02:09:37.848"/>
</kw>
<kw name="Input Text" library="SeleniumLibrary">
<arg>${input}</arg>
<arg>${Text}</arg>
<doc>Types the given ``text`` into the text field identified by ``locator``.</doc>
<msg timestamp="20210813 02:09:37.849" level="INFO">Typing text '142' into text field 'xpath=//input[@id='engineperformance']'.</msg>
<status status="PASS" starttime="20210813 02:09:37.849" endtime="20210813 02:09:38.080"/>
</kw>
<kw name="Capture Page Screenshot" library="SeleniumLibrary">
<doc>Takes a screenshot of the current page and embeds it into a log file.</doc>
<msg timestamp="20210813 02:09:38.389" level="INFO" html="true">&lt;/td&gt;&lt;/tr&gt;&lt;tr&gt;&lt;td colspan="3"&gt;&lt;a href="selenium-screenshot-254.png"&gt;&lt;img src="selenium-screenshot-254.png" width="800px"&gt;&lt;/a&gt;</msg>
<status status="PASS" starttime="20210813 02:09:38.080" endtime="20210813 02:09:38.389"/>
</kw>
<status status="PASS" starttime="20210813 02:09:36.812" endtime="20210813 02:09:38.389"/>
</kw>
<status status="PASS" starttime="20210813 02:09:36.811" endtime="20210813 02:09:38.390"/>
</kw>
<status status="PASS" starttime="20210813 02:09:36.475" endtime="20210813 02:09:38.390"/>
</kw>
<kw name="Verifica Se Input Esta Na Tela" library="resource">
<arg>${DataManufactureInput}</arg>
<arg>${date}</arg>
<kw name="Run Keyword And Return Status" library="BuiltIn">
<var>${Status}</var>
<arg>Olha se Existe</arg>
<arg>${pageObject}</arg>
<doc>Runs the given keyword with given arguments and returns the status as a Boolean value.</doc>
<kw name="Olha se Existe" library="resource">
<arg>${pageObject}</arg>
<kw name="Wait Until Element Is Visible" library="SeleniumLibrary">
<arg>${element}</arg>
<arg>20</arg>
<doc>Waits until the element ``locator`` is visible.</doc>
<status status="PASS" starttime="20210813 02:09:38.393" endtime="20210813 02:09:38.459"/>
</kw>
<kw name="Capture Page Screenshot" library="SeleniumLibrary">
<doc>Takes a screenshot of the current page and embeds it into a log file.</doc>
<msg timestamp="20210813 02:09:38.770" level="INFO" html="true">&lt;/td&gt;&lt;/tr&gt;&lt;tr&gt;&lt;td colspan="3"&gt;&lt;a href="selenium-screenshot-255.png"&gt;&lt;img src="selenium-screenshot-255.png" width="800px"&gt;&lt;/a&gt;</msg>
<status status="PASS" starttime="20210813 02:09:38.459" endtime="20210813 02:09:38.771"/>
</kw>
<status status="PASS" starttime="20210813 02:09:38.392" endtime="20210813 02:09:38.771"/>
</kw>
<msg timestamp="20210813 02:09:38.772" level="INFO">${Status} = True</msg>
<status status="PASS" starttime="20210813 02:09:38.392" endtime="20210813 02:09:38.772"/>
</kw>
<kw name="Run Keyword If" library="BuiltIn">
<arg>'${Status}' == 'True'</arg>
<arg>Preenche Text</arg>
<arg>${pageObject}</arg>
<arg>${opção}</arg>
<doc>Runs the given keyword with the given arguments, if ``condition`` is true.</doc>
<kw name="Preenche Text" library="resource">
<arg>${pageObject}</arg>
<arg>${opção}</arg>
<kw name="Sleep" library="BuiltIn">
<arg>1</arg>
<doc>Pauses the test executed for the given time.</doc>
<msg timestamp="20210813 02:09:39.782" level="INFO">Slept 1 second</msg>
<status status="PASS" starttime="20210813 02:09:38.774" endtime="20210813 02:09:39.783"/>
</kw>
<kw name="Wait Until Element Is Visible" library="SeleniumLibrary">
<arg>${input}</arg>
<arg>20</arg>
<doc>Waits until the element ``locator`` is visible.</doc>
<status status="PASS" starttime="20210813 02:09:39.785" endtime="20210813 02:09:39.849"/>
</kw>
<kw name="Input Text" library="SeleniumLibrary">
<arg>${input}</arg>
<arg>${Text}</arg>
<doc>Types the given ``text`` into the text field identified by ``locator``.</doc>
<msg timestamp="20210813 02:09:39.850" level="INFO">Typing text '07/10/2000' into text field 'xpath=//input[@id='dateofmanufacture']'.</msg>
<status status="PASS" starttime="20210813 02:09:39.849" endtime="20210813 02:09:40.154"/>
</kw>
<kw name="Capture Page Screenshot" library="SeleniumLibrary">
<doc>Takes a screenshot of the current page and embeds it into a log file.</doc>
<msg timestamp="20210813 02:09:40.486" level="INFO" html="true">&lt;/td&gt;&lt;/tr&gt;&lt;tr&gt;&lt;td colspan="3"&gt;&lt;a href="selenium-screenshot-256.png"&gt;&lt;img src="selenium-screenshot-256.png" width="800px"&gt;&lt;/a&gt;</msg>
<status status="PASS" starttime="20210813 02:09:40.154" endtime="20210813 02:09:40.486"/>
</kw>
<status status="PASS" starttime="20210813 02:09:38.773" endtime="20210813 02:09:40.487"/>
</kw>
<status status="PASS" starttime="20210813 02:09:38.772" endtime="20210813 02:09:40.488"/>
</kw>
<status status="PASS" starttime="20210813 02:09:38.390" endtime="20210813 02:09:40.489"/>
</kw>
<kw name="Verifica Se ComboBox Esta Na Tela" library="resource">
<arg>${NumSeats1ComboBx}</arg>
<arg>${number}</arg>
<kw name="Run Keyword And Return Status" library="BuiltIn">
<var>${Status}</var>
<arg>Olha se Existe</arg>
<arg>${pageObject}</arg>
<doc>Runs the given keyword with given arguments and returns the status as a Boolean value.</doc>
<kw name="Olha se Existe" library="resource">
<arg>${pageObject}</arg>
<kw name="Wait Until Element Is Visible" library="SeleniumLibrary">
<arg>${element}</arg>
<arg>20</arg>
<doc>Waits until the element ``locator`` is visible.</doc>
<status status="PASS" starttime="20210813 02:09:40.497" endtime="20210813 02:09:40.556"/>
</kw>
<kw name="Capture Page Screenshot" library="SeleniumLibrary">
<doc>Takes a screenshot of the current page and embeds it into a log file.</doc>
<msg timestamp="20210813 02:09:40.750" level="INFO" html="true">&lt;/td&gt;&lt;/tr&gt;&lt;tr&gt;&lt;td colspan="3"&gt;&lt;a href="selenium-screenshot-257.png"&gt;&lt;img src="selenium-screenshot-257.png" width="800px"&gt;&lt;/a&gt;</msg>
<status status="PASS" starttime="20210813 02:09:40.557" endtime="20210813 02:09:40.751"/>
</kw>
<status status="PASS" starttime="20210813 02:09:40.494" endtime="20210813 02:09:40.751"/>
</kw>
<msg timestamp="20210813 02:09:40.752" level="INFO">${Status} = True</msg>
<status status="PASS" starttime="20210813 02:09:40.493" endtime="20210813 02:09:40.752"/>
</kw>
<kw name="Run Keyword If" library="BuiltIn">
<arg>'${Status}' == 'True'</arg>
<arg>Seleciona Item Combo Box</arg>
<arg>${pageObject}</arg>
<arg>${opção}</arg>
<doc>Runs the given keyword with the given arguments, if ``condition`` is true.</doc>
<kw name="Seleciona Item Combo Box" library="resource">
<arg>${pageObject}</arg>
<arg>${opção}</arg>
<kw name="Sleep" library="BuiltIn">
<arg>1</arg>
<doc>Pauses the test executed for the given time.</doc>
<msg timestamp="20210813 02:09:41.769" level="INFO">Slept 1 second</msg>
<status status="PASS" starttime="20210813 02:09:40.754" endtime="20210813 02:09:41.769"/>
</kw>
<kw name="Wait Until Element Is Visible" library="SeleniumLibrary">
<arg>${combobox}</arg>
<arg>20</arg>
<doc>Waits until the element ``locator`` is visible.</doc>
<status status="PASS" starttime="20210813 02:09:41.770" endtime="20210813 02:09:41.810"/>
</kw>
<kw name="Click Element" library="SeleniumLibrary">
<arg>${combobox}</arg>
<doc>Click the element identified by ``locator``.</doc>
<msg timestamp="20210813 02:09:41.811" level="INFO">Clicking element 'xpath=//select[@id='numberofseats']'.</msg>
<status status="PASS" starttime="20210813 02:09:41.810" endtime="20210813 02:09:41.958"/>
</kw>
<kw name="Set Variable" library="BuiltIn">
<var>${Item}</var>
<arg>${combobox}//option[@value='${itemcombobox}']</arg>
<doc>Returns the given values which can then be assigned to a variables.</doc>
<msg timestamp="20210813 02:09:41.961" level="INFO">${Item} = xpath=//select[@id='numberofseats']//option[@value='2']</msg>
<status status="PASS" starttime="20210813 02:09:41.959" endtime="20210813 02:09:41.961"/>
</kw>
<kw name="Wait Until Element Is Visible" library="SeleniumLibrary">
<arg>${Item}</arg>
<arg>20</arg>
<doc>Waits until the element ``locator`` is visible.</doc>
<status status="PASS" starttime="20210813 02:09:41.962" endtime="20210813 02:09:42.022"/>
</kw>
<kw name="Click Element" library="SeleniumLibrary">
<arg>${Item}</arg>
<doc>Click the element identified by ``locator``.</doc>
<msg timestamp="20210813 02:09:42.023" level="INFO">Clicking element 'xpath=//select[@id='numberofseats']//option[@value='2']'.</msg>
<status status="PASS" starttime="20210813 02:09:42.022" endtime="20210813 02:09:42.089"/>
</kw>
<status status="PASS" starttime="20210813 02:09:40.753" endtime="20210813 02:09:42.090"/>
</kw>
<status status="PASS" starttime="20210813 02:09:40.752" endtime="20210813 02:09:42.090"/>
</kw>
<status status="PASS" starttime="20210813 02:09:40.489" endtime="20210813 02:09:42.090"/>
</kw>
<kw name="Verifica CheckBox Right Driver e seleciona" library="resource">
<arg>${RightDriverRadio}</arg>
<arg>${boolean}</arg>
<kw name="Run Keyword And Return Status" library="BuiltIn">
<var>${Status}</var>
<arg>Olha se Existe</arg>
<arg>${pageObject}</arg>
<doc>Runs the given keyword with given arguments and returns the status as a Boolean value.</doc>
<kw name="Olha se Existe" library="resource">
<arg>${pageObject}</arg>
<kw name="Wait Until Element Is Visible" library="SeleniumLibrary">
<arg>${element}</arg>
<arg>20</arg>
<doc>Waits until the element ``locator`` is visible.</doc>
<status status="PASS" starttime="20210813 02:09:42.093" endtime="20210813 02:09:42.124"/>
</kw>
<kw name="Capture Page Screenshot" library="SeleniumLibrary">
<doc>Takes a screenshot of the current page and embeds it into a log file.</doc>
<msg timestamp="20210813 02:09:42.313" level="INFO" html="true">&lt;/td&gt;&lt;/tr&gt;&lt;tr&gt;&lt;td colspan="3"&gt;&lt;a href="selenium-screenshot-258.png"&gt;&lt;img src="selenium-screenshot-258.png" width="800px"&gt;&lt;/a&gt;</msg>
<status status="PASS" starttime="20210813 02:09:42.125" endtime="20210813 02:09:42.314"/>
</kw>
<status status="PASS" starttime="20210813 02:09:42.092" endtime="20210813 02:09:42.314"/>
</kw>
<msg timestamp="20210813 02:09:42.314" level="INFO">${Status} = True</msg>
<status status="PASS" starttime="20210813 02:09:42.092" endtime="20210813 02:09:42.315"/>
</kw>
<kw name="Run Keyword If" library="BuiltIn">
<arg>'${Status}' == 'True'</arg>
<arg>Seleciona Item Check Box Right Driver</arg>
<arg>${opção}</arg>
<doc>Runs the given keyword with the given arguments, if ``condition`` is true.</doc>
<kw name="Seleciona Item Check Box Right Driver" library="resource">
<arg>${opção}</arg>
<if>
<branch type="IF" condition="'${element}' == 'Yes'">
<kw name="Click No Item" library="resource">
<arg>${RightDriverRadioYes}</arg>
<status status="NOT RUN" starttime="20210813 02:09:42.317" endtime="20210813 02:09:42.317"/>
</kw>
<status status="NOT RUN" starttime="20210813 02:09:42.317" endtime="20210813 02:09:42.317"/>
</branch>
<branch type="ELSE">
<kw name="Click No Item" library="resource">
<arg>${RightDriverRadioNo}</arg>
<kw name="Sleep" library="BuiltIn">
<arg>1</arg>
<doc>Pauses the test executed for the given time.</doc>
<msg timestamp="20210813 02:09:43.321" level="INFO">Slept 1 second</msg>
<status status="PASS" starttime="20210813 02:09:42.318" endtime="20210813 02:09:43.322"/>
</kw>
<kw name="Wait Until Element Is Visible" library="SeleniumLibrary">
<arg>${item}</arg>
<arg>20</arg>
<doc>Waits until the element ``locator`` is visible.</doc>
<status status="PASS" starttime="20210813 02:09:43.323" endtime="20210813 02:09:43.371"/>
</kw>
<kw name="Click Element" library="SeleniumLibrary">
<arg>${item}</arg>
<doc>Click the element identified by ``locator``.</doc>
<msg timestamp="20210813 02:09:43.372" level="INFO">Clicking element 'xpath=//label[@class='ideal-radiocheck-label'][2]//span'.</msg>
<status status="PASS" starttime="20210813 02:09:43.372" endtime="20210813 02:09:43.470"/>
</kw>
<kw name="Capture Page Screenshot" library="SeleniumLibrary">
<doc>Takes a screenshot of the current page and embeds it into a log file.</doc>
<msg timestamp="20210813 02:09:43.673" level="INFO" html="true">&lt;/td&gt;&lt;/tr&gt;&lt;tr&gt;&lt;td colspan="3"&gt;&lt;a href="selenium-screenshot-259.png"&gt;&lt;img src="selenium-screenshot-259.png" width="800px"&gt;&lt;/a&gt;</msg>
<status status="PASS" starttime="20210813 02:09:43.470" endtime="20210813 02:09:43.673"/>
</kw>
<status status="PASS" starttime="20210813 02:09:42.317" endtime="20210813 02:09:43.673"/>
</kw>
<status status="PASS" starttime="20210813 02:09:42.317" endtime="20210813 02:09:43.673"/>
</branch>
<status status="PASS" starttime="20210813 02:09:42.317" endtime="20210813 02:09:43.673"/>
</if>
<status status="PASS" starttime="20210813 02:09:42.316" endtime="20210813 02:09:43.674"/>
</kw>
<status status="PASS" starttime="20210813 02:09:42.315" endtime="20210813 02:09:43.674"/>
</kw>
<status status="PASS" starttime="20210813 02:09:42.091" endtime="20210813 02:09:43.674"/>
</kw>
<kw name="Verifica Se ComboBox Esta Na Tela" library="resource">
<arg>${NumSeats2ComboBx}</arg>
<arg>${number}</arg>
<kw name="Run Keyword And Return Status" library="BuiltIn">
<var>${Status}</var>
<arg>Olha se Existe</arg>
<arg>${pageObject}</arg>
<doc>Runs the given keyword with given arguments and returns the status as a Boolean value.</doc>
<kw name="Olha se Existe" library="resource">
<arg>${pageObject}</arg>
<kw name="Wait Until Element Is Visible" library="SeleniumLibrary">
<arg>${element}</arg>
<arg>20</arg>
<doc>Waits until the element ``locator`` is visible.</doc>
<status status="PASS" starttime="20210813 02:09:43.677" endtime="20210813 02:09:43.710"/>
</kw>
<kw name="Capture Page Screenshot" library="SeleniumLibrary">
<doc>Takes a screenshot of the current page and embeds it into a log file.</doc>
<msg timestamp="20210813 02:09:43.911" level="INFO" html="true">&lt;/td&gt;&lt;/tr&gt;&lt;tr&gt;&lt;td colspan="3"&gt;&lt;a href="selenium-screenshot-260.png"&gt;&lt;img src="selenium-screenshot-260.png" width="800px"&gt;&lt;/a&gt;</msg>
<status status="PASS" starttime="20210813 02:09:43.710" endtime="20210813 02:09:43.911"/>
</kw>
<status status="PASS" starttime="20210813 02:09:43.677" endtime="20210813 02:09:43.912"/>
</kw>
<msg timestamp="20210813 02:09:43.912" level="INFO">${Status} = True</msg>
<status status="PASS" starttime="20210813 02:09:43.676" endtime="20210813 02:09:43.912"/>
</kw>
<kw name="Run Keyword If" library="BuiltIn">
<arg>'${Status}' == 'True'</arg>
<arg>Seleciona Item Combo Box</arg>
<arg>${pageObject}</arg>
<arg>${opção}</arg>
<doc>Runs the given keyword with the given arguments, if ``condition`` is true.</doc>
<kw name="Seleciona Item Combo Box" library="resource">
<arg>${pageObject}</arg>
<arg>${opção}</arg>
<kw name="Sleep" library="BuiltIn">
<arg>1</arg>
<doc>Pauses the test executed for the given time.</doc>
<msg timestamp="20210813 02:09:44.923" level="INFO">Slept 1 second</msg>
<status status="PASS" starttime="20210813 02:09:43.915" endtime="20210813 02:09:44.924"/>
</kw>
<kw name="Wait Until Element Is Visible" library="SeleniumLibrary">
<arg>${combobox}</arg>
<arg>20</arg>
<doc>Waits until the element ``locator`` is visible.</doc>
<status status="PASS" starttime="20210813 02:09:44.925" endtime="20210813 02:09:44.978"/>
</kw>
<kw name="Click Element" library="SeleniumLibrary">
<arg>${combobox}</arg>
<doc>Click the element identified by ``locator``.</doc>
<msg timestamp="20210813 02:09:44.979" level="INFO">Clicking element 'xpath=//select[@id='numberofseatsmotorcycle']'.</msg>
<status status="PASS" starttime="20210813 02:09:44.979" endtime="20210813 02:09:45.087"/>
</kw>
<kw name="Set Variable" library="BuiltIn">
<var>${Item}</var>
<arg>${combobox}//option[@value='${itemcombobox}']</arg>
<doc>Returns the given values which can then be assigned to a variables.</doc>
<msg timestamp="20210813 02:09:45.089" level="INFO">${Item} = xpath=//select[@id='numberofseatsmotorcycle']//option[@value='2']</msg>
<status status="PASS" starttime="20210813 02:09:45.087" endtime="20210813 02:09:45.089"/>
</kw>
<kw name="Wait Until Element Is Visible" library="SeleniumLibrary">
<arg>${Item}</arg>
<arg>20</arg>
<doc>Waits until the element ``locator`` is visible.</doc>
<status status="PASS" starttime="20210813 02:09:45.090" endtime="20210813 02:09:45.167"/>
</kw>
<kw name="Click Element" library="SeleniumLibrary">
<arg>${Item}</arg>
<doc>Click the element identified by ``locator``.</doc>
<msg timestamp="20210813 02:09:45.168" level="INFO">Clicking element 'xpath=//select[@id='numberofseatsmotorcycle']//option[@value='2']'.</msg>
<status status="PASS" starttime="20210813 02:09:45.167" endtime="20210813 02:09:45.251"/>
</kw>
<status status="PASS" starttime="20210813 02:09:43.914" endtime="20210813 02:09:45.252"/>
</kw>
<status status="PASS" starttime="20210813 02:09:43.913" endtime="20210813 02:09:45.252"/>
</kw>
<status status="PASS" starttime="20210813 02:09:43.675" endtime="20210813 02:09:45.253"/>
</kw>
<kw name="Verifica Se ComboBox Esta Na Tela" library="resource">
<arg>${FuelTypeComboBx}</arg>
<arg>${fuel}</arg>
<kw name="Run Keyword And Return Status" library="BuiltIn">
<var>${Status}</var>
<arg>Olha se Existe</arg>
<arg>${pageObject}</arg>
<doc>Runs the given keyword with given arguments and returns the status as a Boolean value.</doc>
<kw name="Olha se Existe" library="resource">
<arg>${pageObject}</arg>
<kw name="Wait Until Element Is Visible" library="SeleniumLibrary">
<arg>${element}</arg>
<arg>20</arg>
<doc>Waits until the element ``locator`` is visible.</doc>
<status status="PASS" starttime="20210813 02:09:45.257" endtime="20210813 02:09:45.312"/>
</kw>
<kw name="Capture Page Screenshot" library="SeleniumLibrary">
<doc>Takes a screenshot of the current page and embeds it into a log file.</doc>
<msg timestamp="20210813 02:09:45.519" level="INFO" html="true">&lt;/td&gt;&lt;/tr&gt;&lt;tr&gt;&lt;td colspan="3"&gt;&lt;a href="selenium-screenshot-261.png"&gt;&lt;img src="selenium-screenshot-261.png" width="800px"&gt;&lt;/a&gt;</msg>
<status status="PASS" starttime="20210813 02:09:45.312" endtime="20210813 02:09:45.520"/>
</kw>
<status status="PASS" starttime="20210813 02:09:45.255" endtime="20210813 02:09:45.520"/>
</kw>
<msg timestamp="20210813 02:09:45.520" level="INFO">${Status} = True</msg>
<status status="PASS" starttime="20210813 02:09:45.255" endtime="20210813 02:09:45.520"/>
</kw>
<kw name="Run Keyword If" library="BuiltIn">
<arg>'${Status}' == 'True'</arg>
<arg>Seleciona Item Combo Box</arg>
<arg>${pageObject}</arg>
<arg>${opção}</arg>
<doc>Runs the given keyword with the given arguments, if ``condition`` is true.</doc>
<kw name="Seleciona Item Combo Box" library="resource">
<arg>${pageObject}</arg>
<arg>${opção}</arg>
<kw name="Sleep" library="BuiltIn">
<arg>1</arg>
<doc>Pauses the test executed for the given time.</doc>
<msg timestamp="20210813 02:09:46.535" level="INFO">Slept 1 second</msg>
<status status="PASS" starttime="20210813 02:09:45.523" endtime="20210813 02:09:46.535"/>
</kw>
<kw name="Wait Until Element Is Visible" library="SeleniumLibrary">
<arg>${combobox}</arg>
<arg>20</arg>
<doc>Waits until the element ``locator`` is visible.</doc>
<status status="PASS" starttime="20210813 02:09:46.536" endtime="20210813 02:09:46.586"/>
</kw>
<kw name="Click Element" library="SeleniumLibrary">
<arg>${combobox}</arg>
<doc>Click the element identified by ``locator``.</doc>
<msg timestamp="20210813 02:09:46.588" level="INFO">Clicking element 'xpath=//select[@id='fuel']'.</msg>
<status status="PASS" starttime="20210813 02:09:46.587" endtime="20210813 02:09:46.758"/>
</kw>
<kw name="Set Variable" library="BuiltIn">
<var>${Item}</var>
<arg>${combobox}//option[@value='${itemcombobox}']</arg>
<doc>Returns the given values which can then be assigned to a variables.</doc>
<msg timestamp="20210813 02:09:46.762" level="INFO">${Item} = xpath=//select[@id='fuel']//option[@value='Gas']</msg>
<status status="PASS" starttime="20210813 02:09:46.760" endtime="20210813 02:09:46.762"/>
</kw>
<kw name="Wait Until Element Is Visible" library="SeleniumLibrary">
<arg>${Item}</arg>
<arg>20</arg>
<doc>Waits until the element ``locator`` is visible.</doc>
<status status="PASS" starttime="20210813 02:09:46.763" endtime="20210813 02:09:46.805"/>
</kw>
<kw name="Click Element" library="SeleniumLibrary">
<arg>${Item}</arg>
<doc>Click the element identified by ``locator``.</doc>
<msg timestamp="20210813 02:09:46.806" level="INFO">Clicking element 'xpath=//select[@id='fuel']//option[@value='Gas']'.</msg>
<status status="PASS" starttime="20210813 02:09:46.805" endtime="20210813 02:09:46.863"/>
</kw>
<status status="PASS" starttime="20210813 02:09:45.522" endtime="20210813 02:09:46.864"/>
</kw>
<status status="PASS" starttime="20210813 02:09:45.521" endtime="20210813 02:09:46.864"/>
</kw>
<status status="PASS" starttime="20210813 02:09:45.253" endtime="20210813 02:09:46.865"/>
</kw>
<kw name="Verifica Se Input Esta Na Tela" library="resource">
<arg>${PayloadInput}</arg>
<arg>${payload}</arg>
<kw name="Run Keyword And Return Status" library="BuiltIn">
<var>${Status}</var>
<arg>Olha se Existe</arg>
<arg>${pageObject}</arg>
<doc>Runs the given keyword with given arguments and returns the status as a Boolean value.</doc>
<kw name="Olha se Existe" library="resource">
<arg>${pageObject}</arg>
<kw name="Wait Until Element Is Visible" library="SeleniumLibrary">
<arg>${element}</arg>
<arg>20</arg>
<doc>Waits until the element ``locator`` is visible.</doc>
<status status="PASS" starttime="20210813 02:09:46.867" endtime="20210813 02:09:46.899"/>
</kw>
<kw name="Capture Page Screenshot" library="SeleniumLibrary">
<doc>Takes a screenshot of the current page and embeds it into a log file.</doc>
<msg timestamp="20210813 02:09:47.087" level="INFO" html="true">&lt;/td&gt;&lt;/tr&gt;&lt;tr&gt;&lt;td colspan="3"&gt;&lt;a href="selenium-screenshot-262.png"&gt;&lt;img src="selenium-screenshot-262.png" width="800px"&gt;&lt;/a&gt;</msg>
<status status="PASS" starttime="20210813 02:09:46.900" endtime="20210813 02:09:47.088"/>
</kw>
<status status="PASS" starttime="20210813 02:09:46.866" endtime="20210813 02:09:47.088"/>
</kw>
<msg timestamp="20210813 02:09:47.088" level="INFO">${Status} = True</msg>
<status status="PASS" starttime="20210813 02:09:46.866" endtime="20210813 02:09:47.088"/>
</kw>
<kw name="Run Keyword If" library="BuiltIn">
<arg>'${Status}' == 'True'</arg>
<arg>Preenche Text</arg>
<arg>${pageObject}</arg>
<arg>${opção}</arg>
<doc>Runs the given keyword with the given arguments, if ``condition`` is true.</doc>
<kw name="Preenche Text" library="resource">
<arg>${pageObject}</arg>
<arg>${opção}</arg>
<kw name="Sleep" library="BuiltIn">
<arg>1</arg>
<doc>Pauses the test executed for the given time.</doc>
<msg timestamp="20210813 02:09:48.092" level="INFO">Slept 1 second</msg>
<status status="PASS" starttime="20210813 02:09:47.092" endtime="20210813 02:09:48.094"/>
</kw>
<kw name="Wait Until Element Is Visible" library="SeleniumLibrary">
<arg>${input}</arg>
<arg>20</arg>
<doc>Waits until the element ``locator`` is visible.</doc>
<status status="PASS" starttime="20210813 02:09:48.095" endtime="20210813 02:09:48.140"/>
</kw>
<kw name="Input Text" library="SeleniumLibrary">
<arg>${input}</arg>
<arg>${Text}</arg>
<doc>Types the given ``text`` into the text field identified by ``locator``.</doc>
<msg timestamp="20210813 02:09:48.141" level="INFO">Typing text '175' into text field 'xpath=//input[@id='payload']'.</msg>
<status status="PASS" starttime="20210813 02:09:48.141" endtime="20210813 02:09:48.318"/>
</kw>
<kw name="Capture Page Screenshot" library="SeleniumLibrary">
<doc>Takes a screenshot of the current page and embeds it into a log file.</doc>
<msg timestamp="20210813 02:09:48.589" level="INFO" html="true">&lt;/td&gt;&lt;/tr&gt;&lt;tr&gt;&lt;td colspan="3"&gt;&lt;a href="selenium-screenshot-263.png"&gt;&lt;img src="selenium-screenshot-263.png" width="800px"&gt;&lt;/a&gt;</msg>
<status status="PASS" starttime="20210813 02:09:48.319" endtime="20210813 02:09:48.589"/>
</kw>
<status status="PASS" starttime="20210813 02:09:47.090" endtime="20210813 02:09:48.590"/>
</kw>
<status status="PASS" starttime="20210813 02:09:47.089" endtime="20210813 02:09:48.590"/>
</kw>
<status status="PASS" starttime="20210813 02:09:46.865" endtime="20210813 02:09:48.590"/>
</kw>
<kw name="Verifica Se Input Esta Na Tela" library="resource">
<arg>${TotalWeightInput}</arg>
<arg>${weight}</arg>
<kw name="Run Keyword And Return Status" library="BuiltIn">
<var>${Status}</var>
<arg>Olha se Existe</arg>
<arg>${pageObject}</arg>
<doc>Runs the given keyword with given arguments and returns the status as a Boolean value.</doc>
<kw name="Olha se Existe" library="resource">
<arg>${pageObject}</arg>
<kw name="Wait Until Element Is Visible" library="SeleniumLibrary">
<arg>${element}</arg>
<arg>20</arg>
<doc>Waits until the element ``locator`` is visible.</doc>
<status status="PASS" starttime="20210813 02:09:48.594" endtime="20210813 02:09:48.652"/>
</kw>
<kw name="Capture Page Screenshot" library="SeleniumLibrary">
<doc>Takes a screenshot of the current page and embeds it into a log file.</doc>
<msg timestamp="20210813 02:09:48.878" level="INFO" html="true">&lt;/td&gt;&lt;/tr&gt;&lt;tr&gt;&lt;td colspan="3"&gt;&lt;a href="selenium-screenshot-264.png"&gt;&lt;img src="selenium-screenshot-264.png" width="800px"&gt;&lt;/a&gt;</msg>
<status status="PASS" starttime="20210813 02:09:48.652" endtime="20210813 02:09:48.878"/>
</kw>
<status status="PASS" starttime="20210813 02:09:48.593" endtime="20210813 02:09:48.879"/>
</kw>
<msg timestamp="20210813 02:09:48.879" level="INFO">${Status} = True</msg>
<status status="PASS" starttime="20210813 02:09:48.592" endtime="20210813 02:09:48.879"/>
</kw>
<kw name="Run Keyword If" library="BuiltIn">
<arg>'${Status}' == 'True'</arg>
<arg>Preenche Text</arg>
<arg>${pageObject}</arg>
<arg>${opção}</arg>
<doc>Runs the given keyword with the given arguments, if ``condition`` is true.</doc>
<kw name="Preenche Text" library="resource">
<arg>${pageObject}</arg>
<arg>${opção}</arg>
<kw name="Sleep" library="BuiltIn">
<arg>1</arg>
<doc>Pauses the test executed for the given time.</doc>
<msg timestamp="20210813 02:09:49.884" level="INFO">Slept 1 second</msg>
<status status="PASS" starttime="20210813 02:09:48.881" endtime="20210813 02:09:49.884"/>
</kw>
<kw name="Wait Until Element Is Visible" library="SeleniumLibrary">
<arg>${input}</arg>
<arg>20</arg>
<doc>Waits until the element ``locator`` is visible.</doc>
<status status="PASS" starttime="20210813 02:09:49.885" endtime="20210813 02:09:49.914"/>
</kw>
<kw name="Input Text" library="SeleniumLibrary">
<arg>${input}</arg>
<arg>${Text}</arg>
<doc>Types the given ``text`` into the text field identified by ``locator``.</doc>
<msg timestamp="20210813 02:09:49.916" level="INFO">Typing text '190' into text field 'xpath=//input[@id='totalweight']'.</msg>
<status status="PASS" starttime="20210813 02:09:49.915" endtime="20210813 02:09:50.111"/>
</kw>
<kw name="Capture Page Screenshot" library="SeleniumLibrary">
<doc>Takes a screenshot of the current page and embeds it into a log file.</doc>
<msg timestamp="20210813 02:09:50.320" level="INFO" html="true">&lt;/td&gt;&lt;/tr&gt;&lt;tr&gt;&lt;td colspan="3"&gt;&lt;a href="selenium-screenshot-265.png"&gt;&lt;img src="selenium-screenshot-265.png" width="800px"&gt;&lt;/a&gt;</msg>
<status status="PASS" starttime="20210813 02:09:50.111" endtime="20210813 02:09:50.320"/>
</kw>
<status status="PASS" starttime="20210813 02:09:48.880" endtime="20210813 02:09:50.321"/>
</kw>
<status status="PASS" starttime="20210813 02:09:48.879" endtime="20210813 02:09:50.321"/>
</kw>
<status status="PASS" starttime="20210813 02:09:48.591" endtime="20210813 02:09:50.321"/>
</kw>
<kw name="Verifica Se Input Esta Na Tela" library="resource">
<arg>${ListPriceInput}</arg>
<arg>${price}</arg>
<kw name="Run Keyword And Return Status" library="BuiltIn">
<var>${Status}</var>
<arg>Olha se Existe</arg>
<arg>${pageObject}</arg>
<doc>Runs the given keyword with given arguments and returns the status as a Boolean value.</doc>
<kw name="Olha se Existe" library="resource">
<arg>${pageObject}</arg>
<kw name="Wait Until Element Is Visible" library="SeleniumLibrary">
<arg>${element}</arg>
<arg>20</arg>
<doc>Waits until the element ``locator`` is visible.</doc>
<status status="PASS" starttime="20210813 02:09:50.325" endtime="20210813 02:09:50.362"/>
</kw>
<kw name="Capture Page Screenshot" library="SeleniumLibrary">
<doc>Takes a screenshot of the current page and embeds it into a log file.</doc>
<msg timestamp="20210813 02:09:50.549" level="INFO" html="true">&lt;/td&gt;&lt;/tr&gt;&lt;tr&gt;&lt;td colspan="3"&gt;&lt;a href="selenium-screenshot-266.png"&gt;&lt;img src="selenium-screenshot-266.png" width="800px"&gt;&lt;/a&gt;</msg>
<status status="PASS" starttime="20210813 02:09:50.362" endtime="20210813 02:09:50.550"/>
</kw>
<status status="PASS" starttime="20210813 02:09:50.324" endtime="20210813 02:09:50.550"/>
</kw>
<msg timestamp="20210813 02:09:50.550" level="INFO">${Status} = True</msg>
<status status="PASS" starttime="20210813 02:09:50.323" endtime="20210813 02:09:50.550"/>
</kw>
<kw name="Run Keyword If" library="BuiltIn">
<arg>'${Status}' == 'True'</arg>
<arg>Preenche Text</arg>
<arg>${pageObject}</arg>
<arg>${opção}</arg>
<doc>Runs the given keyword with the given arguments, if ``condition`` is true.</doc>
<kw name="Preenche Text" library="resource">
<arg>${pageObject}</arg>
<arg>${opção}</arg>
<kw name="Sleep" library="BuiltIn">
<arg>1</arg>
<doc>Pauses the test executed for the given time.</doc>
<msg timestamp="20210813 02:09:51.554" level="INFO">Slept 1 second</msg>
<status status="PASS" starttime="20210813 02:09:50.554" endtime="20210813 02:09:51.555"/>
</kw>
<kw name="Wait Until Element Is Visible" library="SeleniumLibrary">
<arg>${input}</arg>
<arg>20</arg>
<doc>Waits until the element ``locator`` is visible.</doc>
<status status="PASS" starttime="20210813 02:09:51.557" endtime="20210813 02:09:51.601"/>
</kw>
<kw name="Input Text" library="SeleniumLibrary">
<arg>${input}</arg>
<arg>${Text}</arg>
<doc>Types the given ``text`` into the text field identified by ``locator``.</doc>
<msg timestamp="20210813 02:09:51.603" level="INFO">Typing text 'xpath=//a[@id='selectpriceoption']' into text field 'xpath=//input[@id='listprice']'.</msg>
<status status="PASS" starttime="20210813 02:09:51.602" endtime="20210813 02:09:52.256"/>
</kw>
<kw name="Capture Page Screenshot" library="SeleniumLibrary">
<doc>Takes a screenshot of the current page and embeds it into a log file.</doc>
<msg timestamp="20210813 02:09:52.481" level="INFO" html="true">&lt;/td&gt;&lt;/tr&gt;&lt;tr&gt;&lt;td colspan="3"&gt;&lt;a href="selenium-screenshot-267.png"&gt;&lt;img src="selenium-screenshot-267.png" width="800px"&gt;&lt;/a&gt;</msg>
<status status="PASS" starttime="20210813 02:09:52.256" endtime="20210813 02:09:52.481"/>
</kw>
<status status="PASS" starttime="20210813 02:09:50.552" endtime="20210813 02:09:52.481"/>
</kw>
<status status="PASS" starttime="20210813 02:09:50.551" endtime="20210813 02:09:52.481"/>
</kw>
<status status="PASS" starttime="20210813 02:09:50.322" endtime="20210813 02:09:52.482"/>
</kw>
<kw name="Verifica Se Input Esta Na Tela" library="resource">
<arg>${LicensePlaterInput}</arg>
<arg>${plate}</arg>
<kw name="Run Keyword And Return Status" library="BuiltIn">
<var>${Status}</var>
<arg>Olha se Existe</arg>
<arg>${pageObject}</arg>
<doc>Runs the given keyword with given arguments and returns the status as a Boolean value.</doc>
<kw name="Olha se Existe" library="resource">
<arg>${pageObject}</arg>
<kw name="Wait Until Element Is Visible" library="SeleniumLibrary">
<arg>${element}</arg>
<arg>20</arg>
<doc>Waits until the element ``locator`` is visible.</doc>
<status status="PASS" starttime="20210813 02:09:52.485" endtime="20210813 02:09:52.522"/>
</kw>
<kw name="Capture Page Screenshot" library="SeleniumLibrary">
<doc>Takes a screenshot of the current page and embeds it into a log file.</doc>
<msg timestamp="20210813 02:09:52.728" level="INFO" html="true">&lt;/td&gt;&lt;/tr&gt;&lt;tr&gt;&lt;td colspan="3"&gt;&lt;a href="selenium-screenshot-268.png"&gt;&lt;img src="selenium-screenshot-268.png" width="800px"&gt;&lt;/a&gt;</msg>
<status status="PASS" starttime="20210813 02:09:52.522" endtime="20210813 02:09:52.729"/>
</kw>
<status status="PASS" starttime="20210813 02:09:52.484" endtime="20210813 02:09:52.729"/>
</kw>
<msg timestamp="20210813 02:09:52.729" level="INFO">${Status} = True</msg>
<status status="PASS" starttime="20210813 02:09:52.483" endtime="20210813 02:09:52.730"/>
</kw>
<kw name="Run Keyword If" library="BuiltIn">
<arg>'${Status}' == 'True'</arg>
<arg>Preenche Text</arg>
<arg>${pageObject}</arg>
<arg>${opção}</arg>
<doc>Runs the given keyword with the given arguments, if ``condition`` is true.</doc>
<kw name="Preenche Text" library="resource">
<arg>${pageObject}</arg>
<arg>${opção}</arg>
<kw name="Sleep" library="BuiltIn">
<arg>1</arg>
<doc>Pauses the test executed for the given time.</doc>
<msg timestamp="20210813 02:09:53.743" level="INFO">Slept 1 second</msg>
<status status="PASS" starttime="20210813 02:09:52.732" endtime="20210813 02:09:53.744"/>
</kw>
<kw name="Wait Until Element Is Visible" library="SeleniumLibrary">
<arg>${input}</arg>
<arg>20</arg>
<doc>Waits until the element ``locator`` is visible.</doc>
<status status="PASS" starttime="20210813 02:09:53.744" endtime="20210813 02:09:53.809"/>
</kw>
<kw name="Input Text" library="SeleniumLibrary">
<arg>${input}</arg>
<arg>${Text}</arg>
<doc>Types the given ``text`` into the text field identified by ``locator``.</doc>
<msg timestamp="20210813 02:09:53.811" level="INFO">Typing text 'FSI 3013' into text field 'xpath=//input[@id='licenseplatenumber']'.</msg>
<status status="PASS" starttime="20210813 02:09:53.810" endtime="20210813 02:09:54.005"/>
</kw>
<kw name="Capture Page Screenshot" library="SeleniumLibrary">
<doc>Takes a screenshot of the current page and embeds it into a log file.</doc>
<msg timestamp="20210813 02:09:54.226" level="INFO" html="true">&lt;/td&gt;&lt;/tr&gt;&lt;tr&gt;&lt;td colspan="3"&gt;&lt;a href="selenium-screenshot-269.png"&gt;&lt;img src="selenium-screenshot-269.png" width="800px"&gt;&lt;/a&gt;</msg>
<status status="PASS" starttime="20210813 02:09:54.006" endtime="20210813 02:09:54.226"/>
</kw>
<status status="PASS" starttime="20210813 02:09:52.731" endtime="20210813 02:09:54.227"/>
</kw>
<status status="PASS" starttime="20210813 02:09:52.730" endtime="20210813 02:09:54.227"/>
</kw>
<status status="PASS" starttime="20210813 02:09:52.482" endtime="20210813 02:09:54.227"/>
</kw>
<kw name="Verifica Se Input Esta Na Tela" library="resource">
<arg>${AnnualMileageInput}</arg>
<arg>${mileage}</arg>
<kw name="Run Keyword And Return Status" library="BuiltIn">
<var>${Status}</var>
<arg>Olha se Existe</arg>
<arg>${pageObject}</arg>
<doc>Runs the given keyword with given arguments and returns the status as a Boolean value.</doc>
<kw name="Olha se Existe" library="resource">
<arg>${pageObject}</arg>
<kw name="Wait Until Element Is Visible" library="SeleniumLibrary">
<arg>${element}</arg>
<arg>20</arg>
<doc>Waits until the element ``locator`` is visible.</doc>
<status status="PASS" starttime="20210813 02:09:54.230" endtime="20210813 02:09:54.275"/>
</kw>
<kw name="Capture Page Screenshot" library="SeleniumLibrary">
<doc>Takes a screenshot of the current page and embeds it into a log file.</doc>
<msg timestamp="20210813 02:09:54.518" level="INFO" html="true">&lt;/td&gt;&lt;/tr&gt;&lt;tr&gt;&lt;td colspan="3"&gt;&lt;a href="selenium-screenshot-270.png"&gt;&lt;img src="selenium-screenshot-270.png" width="800px"&gt;&lt;/a&gt;</msg>
<status status="PASS" starttime="20210813 02:09:54.275" endtime="20210813 02:09:54.519"/>
</kw>
<status status="PASS" starttime="20210813 02:09:54.229" endtime="20210813 02:09:54.519"/>
</kw>
<msg timestamp="20210813 02:09:54.520" level="INFO">${Status} = True</msg>
<status status="PASS" starttime="20210813 02:09:54.228" endtime="20210813 02:09:54.520"/>
</kw>
<kw name="Run Keyword If" library="BuiltIn">
<arg>'${Status}' == 'True'</arg>
<arg>Preenche Text</arg>
<arg>${pageObject}</arg>
<arg>${opção}</arg>
<doc>Runs the given keyword with the given arguments, if ``condition`` is true.</doc>
<kw name="Preenche Text" library="resource">
<arg>${pageObject}</arg>
<arg>${opção}</arg>
<kw name="Sleep" library="BuiltIn">
<arg>1</arg>
<doc>Pauses the test executed for the given time.</doc>
<msg timestamp="20210813 02:09:55.530" level="INFO">Slept 1 second</msg>
<status status="PASS" starttime="20210813 02:09:54.524" endtime="20210813 02:09:55.531"/>
</kw>
<kw name="Wait Until Element Is Visible" library="SeleniumLibrary">
<arg>${input}</arg>
<arg>20</arg>
<doc>Waits until the element ``locator`` is visible.</doc>
<status status="PASS" starttime="20210813 02:09:55.532" endtime="20210813 02:09:55.588"/>
</kw>
<kw name="Input Text" library="SeleniumLibrary">
<arg>${input}</arg>
<arg>${Text}</arg>
<doc>Types the given ``text`` into the text field identified by ``locator``.</doc>
<msg timestamp="20210813 02:09:55.589" level="INFO">Typing text '5000' into text field 'xpath=//input[@id='annualmileage']'.</msg>
<status status="PASS" starttime="20210813 02:09:55.588" endtime="20210813 02:09:55.744"/>
</kw>
<kw name="Capture Page Screenshot" library="SeleniumLibrary">
<doc>Takes a screenshot of the current page and embeds it into a log file.</doc>
<msg timestamp="20210813 02:09:55.947" level="INFO" html="true">&lt;/td&gt;&lt;/tr&gt;&lt;tr&gt;&lt;td colspan="3"&gt;&lt;a href="selenium-screenshot-271.png"&gt;&lt;img src="selenium-screenshot-271.png" width="800px"&gt;&lt;/a&gt;</msg>
<status status="PASS" starttime="20210813 02:09:55.744" endtime="20210813 02:09:55.947"/>
</kw>
<status status="PASS" starttime="20210813 02:09:54.522" endtime="20210813 02:09:55.948"/>
</kw>
<status status="PASS" starttime="20210813 02:09:54.521" endtime="20210813 02:09:55.948"/>
</kw>
<status status="PASS" starttime="20210813 02:09:54.228" endtime="20210813 02:09:55.948"/>
</kw>
<kw name="Verifica Se Item Esta Na Tela" library="resource">
<arg>${Next}</arg>
<kw name="Run Keyword And Return Status" library="BuiltIn">
<var>${Status}</var>
<arg>Olha se Existe</arg>
<arg>${pageObject}</arg>
<doc>Runs the given keyword with given arguments and returns the status as a Boolean value.</doc>
<kw name="Olha se Existe" library="resource">
<arg>${pageObject}</arg>
<kw name="Wait Until Element Is Visible" library="SeleniumLibrary">
<arg>${element}</arg>
<arg>20</arg>
<doc>Waits until the element ``locator`` is visible.</doc>
<status status="PASS" starttime="20210813 02:09:55.952" endtime="20210813 02:09:55.999"/>
</kw>
<kw name="Capture Page Screenshot" library="SeleniumLibrary">
<doc>Takes a screenshot of the current page and embeds it into a log file.</doc>
<msg timestamp="20210813 02:09:56.258" level="INFO" html="true">&lt;/td&gt;&lt;/tr&gt;&lt;tr&gt;&lt;td colspan="3"&gt;&lt;a href="selenium-screenshot-272.png"&gt;&lt;img src="selenium-screenshot-272.png" width="800px"&gt;&lt;/a&gt;</msg>
<status status="PASS" starttime="20210813 02:09:55.999" endtime="20210813 02:09:56.258"/>
</kw>
<status status="PASS" starttime="20210813 02:09:55.951" endtime="20210813 02:09:56.259"/>
</kw>
<msg timestamp="20210813 02:09:56.259" level="INFO">${Status} = True</msg>
<status status="PASS" starttime="20210813 02:09:55.950" endtime="20210813 02:09:56.259"/>
</kw>
<kw name="Run Keyword If" library="BuiltIn">
<arg>'${Status}' == 'True'</arg>
<arg>Click No Item</arg>
<arg>${pageObject}</arg>
<doc>Runs the given keyword with the given arguments, if ``condition`` is true.</doc>
<kw name="Click No Item" library="resource">
<arg>${pageObject}</arg>
<kw name="Sleep" library="BuiltIn">
<arg>1</arg>
<doc>Pauses the test executed for the given time.</doc>
<msg timestamp="20210813 02:09:57.282" level="INFO">Slept 1 second</msg>
<status status="PASS" starttime="20210813 02:09:56.262" endtime="20210813 02:09:57.282"/>
</kw>
<kw name="Wait Until Element Is Visible" library="SeleniumLibrary">
<arg>${item}</arg>
<arg>20</arg>
<doc>Waits until the element ``locator`` is visible.</doc>
<status status="PASS" starttime="20210813 02:09:57.283" endtime="20210813 02:09:57.325"/>
</kw>
<kw name="Click Element" library="SeleniumLibrary">
<arg>${item}</arg>
<doc>Click the element identified by ``locator``.</doc>
<msg timestamp="20210813 02:09:57.326" level="INFO">Clicking element 'xpath=//button[@id='nextenterinsurantdata']'.</msg>
<status status="PASS" starttime="20210813 02:09:57.325" endtime="20210813 02:09:57.473"/>
</kw>
<kw name="Capture Page Screenshot" library="SeleniumLibrary">
<doc>Takes a screenshot of the current page and embeds it into a log file.</doc>
<msg timestamp="20210813 02:09:57.715" level="INFO" html="true">&lt;/td&gt;&lt;/tr&gt;&lt;tr&gt;&lt;td colspan="3"&gt;&lt;a href="selenium-screenshot-273.png"&gt;&lt;img src="selenium-screenshot-273.png" width="800px"&gt;&lt;/a&gt;</msg>
<status status="PASS" starttime="20210813 02:09:57.473" endtime="20210813 02:09:57.715"/>
</kw>
<status status="PASS" starttime="20210813 02:09:56.261" endtime="20210813 02:09:57.716"/>
</kw>
<status status="PASS" starttime="20210813 02:09:56.260" endtime="20210813 02:09:57.716"/>
</kw>
<status status="PASS" starttime="20210813 02:09:55.949" endtime="20210813 02:09:57.716"/>
</kw>
<kw name="Olha se Existe" library="resource">
<arg>${FirstName_Input}</arg>
<kw name="Wait Until Element Is Visible" library="SeleniumLibrary">
<arg>${element}</arg>
<arg>20</arg>
<doc>Waits until the element ``locator`` is visible.</doc>
<status status="PASS" starttime="20210813 02:09:57.718" endtime="20210813 02:09:57.757"/>
</kw>
<kw name="Capture Page Screenshot" library="SeleniumLibrary">
<doc>Takes a screenshot of the current page and embeds it into a log file.</doc>
<msg timestamp="20210813 02:09:57.950" level="INFO" html="true">&lt;/td&gt;&lt;/tr&gt;&lt;tr&gt;&lt;td colspan="3"&gt;&lt;a href="selenium-screenshot-274.png"&gt;&lt;img src="selenium-screenshot-274.png" width="800px"&gt;&lt;/a&gt;</msg>
<status status="PASS" starttime="20210813 02:09:57.758" endtime="20210813 02:09:57.950"/>
</kw>
<status status="PASS" starttime="20210813 02:09:57.717" endtime="20210813 02:09:57.950"/>
</kw>
<status status="PASS" starttime="20210813 02:09:31.717" endtime="20210813 02:09:57.951"/>
</kw>
<status status="PASS" starttime="20210813 02:09:21.402" endtime="20210813 02:09:57.952"/>
</test>
<status status="PASS" starttime="20210813 02:09:20.573" endtime="20210813 02:09:57.955"/>
</suite>
<statistics>
<total>
<stat pass="1" fail="0" skip="0">All Tests</stat>
</total>
<tag>
</tag>
<suite>
<stat pass="1" fail="0" skip="0" id="s1" name="Accenture">Accenture</stat>
</suite>
</statistics>
<errors>
</errors>
</robot>
