<?xml version="1.0" encoding="UTF-8"?>
<robot generator="Robot 4.0.1 (Python 3.9.4 on win32)" generated="20210716 16:22:19.393" rpa="false" schemaversion="2">
<suite id="s1" name="Accenture" source="C:\Users\Andre\Desktop\Luis\Estudos\Linguagem de Programação\Robot Framework - VS Code\Teste Accenture\TesteAccenture\Accenture.robot">
<test id="s1-t1" name="CT01- Preencher os formulários das paginas e clicando no Botão Next">
<kw name="Contexto" library="Accenture_resource" type="SETUP">
<kw name="Open Browser" library="SeleniumLibrary">
<arg>${URL}</arg>
<arg>${BROWSER}</arg>
<doc>Opens a new browser instance to the optional ``url``.</doc>
<msg timestamp="20210716 16:22:19.856" level="INFO">Opening browser 'chrome' to base url 'http://sampleapp.tricentis.com/101/app.php'.</msg>
<status status="PASS" starttime="20210716 16:22:19.856" endtime="20210716 16:22:24.204"/>
</kw>
<kw name="Maximize Browser Window" library="SeleniumLibrary">
<doc>Maximizes current browser window.</doc>
<status status="PASS" starttime="20210716 16:22:24.205" endtime="20210716 16:22:24.350"/>
</kw>
<kw name="Wait Until Element Is Visible" library="SeleniumLibrary">
<arg>${Logo}</arg>
<arg>10</arg>
<doc>Waits until the element ``locator`` is visible.</doc>
<status status="PASS" starttime="20210716 16:22:24.350" endtime="20210716 16:22:24.398"/>
</kw>
<kw name="Sleep" library="BuiltIn">
<arg>5</arg>
<doc>Pauses the test executed for the given time.</doc>
<msg timestamp="20210716 16:22:29.412" level="INFO">Slept 5 seconds</msg>
<status status="PASS" starttime="20210716 16:22:24.398" endtime="20210716 16:22:29.412"/>
</kw>
<kw name="Capture Page Screenshot" library="SeleniumLibrary">
<doc>Takes a screenshot of the current page and embeds it into a log file.</doc>
<msg timestamp="20210716 16:22:29.640" level="INFO" html="true">&lt;/td&gt;&lt;/tr&gt;&lt;tr&gt;&lt;td colspan="3"&gt;&lt;a href="selenium-screenshot-1.png"&gt;&lt;img src="selenium-screenshot-1.png" width="800px"&gt;&lt;/a&gt;</msg>
<status status="PASS" starttime="20210716 16:22:29.413" endtime="20210716 16:22:29.640"/>
</kw>
<status status="PASS" starttime="20210716 16:22:19.855" endtime="20210716 16:22:29.641"/>
</kw>
<kw name="Dado que acessei o site Tricents" library="Accenture_steps">
<kw name="Olha se Existe" library="Accenture_resource">
<arg>${Vehicle}</arg>
<kw name="Wait Until Element Is Visible" library="SeleniumLibrary">
<arg>${element}</arg>
<arg>20</arg>
<doc>Waits until the element ``locator`` is visible.</doc>
<status status="PASS" starttime="20210716 16:22:29.644" endtime="20210716 16:22:29.697"/>
</kw>
<kw name="Capture Page Screenshot" library="SeleniumLibrary">
<doc>Takes a screenshot of the current page and embeds it into a log file.</doc>
<msg timestamp="20210716 16:22:29.915" level="INFO" html="true">&lt;/td&gt;&lt;/tr&gt;&lt;tr&gt;&lt;td colspan="3"&gt;&lt;a href="selenium-screenshot-2.png"&gt;&lt;img src="selenium-screenshot-2.png" width="800px"&gt;&lt;/a&gt;</msg>
<status status="PASS" starttime="20210716 16:22:29.698" endtime="20210716 16:22:29.915"/>
</kw>
<status status="PASS" starttime="20210716 16:22:29.642" endtime="20210716 16:22:29.916"/>
</kw>
<status status="PASS" starttime="20210716 16:22:29.641" endtime="20210716 16:22:29.916"/>
</kw>
<kw name="Quando preencho as informações da Primeira tela com &quot;Porsche&quot;, &quot;Motorcycle&quot;, &quot;1000&quot;, &quot;142&quot;, &quot;07/10/2000&quot;, &quot;2&quot;, &quot;No&quot;, &quot;Gas&quot;, &quot;175&quot;, &quot;190&quot;, &quot;62000&quot;, &quot;FSI 3013&quot; e &quot;5000&quot;" library="Accenture_steps" sourcename="Quando preencho as informações da Primeira tela com &quot;${make}&quot;, &quot;${model}&quot;, &quot;${cylinder}&quot;, &quot;${kws}&quot;, &quot;${date}&quot;, &quot;${number}&quot;, &quot;${boolean}&quot;, &quot;${fuel}&quot;, &quot;${payload}&quot;, &quot;${weight}&quot;, &quot;${price}&quot;, &quot;${plate}&quot; e &quot;${mileage}&quot;">
<kw name="Verifica Se ComboBox Esta Na Tela" library="Accenture_resource">
<arg>${MakeComboBx}</arg>
<arg>${make}</arg>
<kw name="Run Keyword And Return Status" library="BuiltIn">
<var>${Status}</var>
<arg>Olha se Existe</arg>
<arg>${pageObject}</arg>
<doc>Runs the given keyword with given arguments and returns the status as a Boolean value.</doc>
<kw name="Olha se Existe" library="Accenture_resource">
<arg>${pageObject}</arg>
<kw name="Wait Until Element Is Visible" library="SeleniumLibrary">
<arg>${element}</arg>
<arg>20</arg>
<doc>Waits until the element ``locator`` is visible.</doc>
<status status="PASS" starttime="20210716 16:22:29.923" endtime="20210716 16:22:29.963"/>
</kw>
<kw name="Capture Page Screenshot" library="SeleniumLibrary">
<doc>Takes a screenshot of the current page and embeds it into a log file.</doc>
<msg timestamp="20210716 16:22:30.149" level="INFO" html="true">&lt;/td&gt;&lt;/tr&gt;&lt;tr&gt;&lt;td colspan="3"&gt;&lt;a href="selenium-screenshot-3.png"&gt;&lt;img src="selenium-screenshot-3.png" width="800px"&gt;&lt;/a&gt;</msg>
<status status="PASS" starttime="20210716 16:22:29.963" endtime="20210716 16:22:30.150"/>
</kw>
<status status="PASS" starttime="20210716 16:22:29.921" endtime="20210716 16:22:30.150"/>
</kw>
<msg timestamp="20210716 16:22:30.150" level="INFO">${Status} = True</msg>
<status status="PASS" starttime="20210716 16:22:29.921" endtime="20210716 16:22:30.150"/>
</kw>
<kw name="Run Keyword If" library="BuiltIn">
<arg>'${Status}' == 'True'</arg>
<arg>Seleciona Item Combo Box</arg>
<arg>${pageObject}</arg>
<arg>${opção}</arg>
<doc>Runs the given keyword with the given arguments, if ``condition`` is true.</doc>
<kw name="Seleciona Item Combo Box" library="Accenture_resource">
<arg>${pageObject}</arg>
<arg>${opção}</arg>
<kw name="Sleep" library="BuiltIn">
<arg>1</arg>
<doc>Pauses the test executed for the given time.</doc>
<msg timestamp="20210716 16:22:31.161" level="INFO">Slept 1 second</msg>
<status status="PASS" starttime="20210716 16:22:30.152" endtime="20210716 16:22:31.161"/>
</kw>
<kw name="Wait Until Element Is Visible" library="SeleniumLibrary">
<arg>${combobox}</arg>
<arg>20</arg>
<doc>Waits until the element ``locator`` is visible.</doc>
<status status="PASS" starttime="20210716 16:22:31.161" endtime="20210716 16:22:31.185"/>
</kw>
<kw name="Click Element" library="SeleniumLibrary">
<arg>${combobox}</arg>
<doc>Click the element identified by ``locator``.</doc>
<msg timestamp="20210716 16:22:31.186" level="INFO">Clicking element 'xpath=//select[@id='make']'.</msg>
<status status="PASS" starttime="20210716 16:22:31.185" endtime="20210716 16:22:31.278"/>
</kw>
<kw name="Set Variable" library="BuiltIn">
<var>${Item}</var>
<arg>${combobox}//option[@value='${itemcombobox}']</arg>
<doc>Returns the given values which can then be assigned to a variables.</doc>
<msg timestamp="20210716 16:22:31.281" level="INFO">${Item} = xpath=//select[@id='make']//option[@value='Porsche']</msg>
<status status="PASS" starttime="20210716 16:22:31.279" endtime="20210716 16:22:31.281"/>
</kw>
<kw name="Wait Until Element Is Visible" library="SeleniumLibrary">
<arg>${Item}</arg>
<arg>20</arg>
<doc>Waits until the element ``locator`` is visible.</doc>
<status status="PASS" starttime="20210716 16:22:31.281" endtime="20210716 16:22:31.320"/>
</kw>
<kw name="Click Element" library="SeleniumLibrary">
<arg>${Item}</arg>
<doc>Click the element identified by ``locator``.</doc>
<msg timestamp="20210716 16:22:31.321" level="INFO">Clicking element 'xpath=//select[@id='make']//option[@value='Porsche']'.</msg>
<status status="PASS" starttime="20210716 16:22:31.320" endtime="20210716 16:22:31.381"/>
</kw>
<status status="PASS" starttime="20210716 16:22:30.151" endtime="20210716 16:22:31.382"/>
</kw>
<status status="PASS" starttime="20210716 16:22:30.151" endtime="20210716 16:22:31.382"/>
</kw>
<status status="PASS" starttime="20210716 16:22:29.919" endtime="20210716 16:22:31.383"/>
</kw>
<kw name="Verifica Se ComboBox Esta Na Tela" library="Accenture_resource">
<arg>${ModelComboBx}</arg>
<arg>${model}</arg>
<kw name="Run Keyword And Return Status" library="BuiltIn">
<var>${Status}</var>
<arg>Olha se Existe</arg>
<arg>${pageObject}</arg>
<doc>Runs the given keyword with given arguments and returns the status as a Boolean value.</doc>
<kw name="Olha se Existe" library="Accenture_resource">
<arg>${pageObject}</arg>
<kw name="Wait Until Element Is Visible" library="SeleniumLibrary">
<arg>${element}</arg>
<arg>20</arg>
<doc>Waits until the element ``locator`` is visible.</doc>
<status status="PASS" starttime="20210716 16:22:31.387" endtime="20210716 16:22:31.423"/>
</kw>
<kw name="Capture Page Screenshot" library="SeleniumLibrary">
<doc>Takes a screenshot of the current page and embeds it into a log file.</doc>
<msg timestamp="20210716 16:22:31.594" level="INFO" html="true">&lt;/td&gt;&lt;/tr&gt;&lt;tr&gt;&lt;td colspan="3"&gt;&lt;a href="selenium-screenshot-4.png"&gt;&lt;img src="selenium-screenshot-4.png" width="800px"&gt;&lt;/a&gt;</msg>
<status status="PASS" starttime="20210716 16:22:31.423" endtime="20210716 16:22:31.594"/>
</kw>
<status status="PASS" starttime="20210716 16:22:31.386" endtime="20210716 16:22:31.595"/>
</kw>
<msg timestamp="20210716 16:22:31.595" level="INFO">${Status} = True</msg>
<status status="PASS" starttime="20210716 16:22:31.385" endtime="20210716 16:22:31.595"/>
</kw>
<kw name="Run Keyword If" library="BuiltIn">
<arg>'${Status}' == 'True'</arg>
<arg>Seleciona Item Combo Box</arg>
<arg>${pageObject}</arg>
<arg>${opção}</arg>
<doc>Runs the given keyword with the given arguments, if ``condition`` is true.</doc>
<kw name="Seleciona Item Combo Box" library="Accenture_resource">
<arg>${pageObject}</arg>
<arg>${opção}</arg>
<kw name="Sleep" library="BuiltIn">
<arg>1</arg>
<doc>Pauses the test executed for the given time.</doc>
<msg timestamp="20210716 16:22:32.603" level="INFO">Slept 1 second</msg>
<status status="PASS" starttime="20210716 16:22:31.598" endtime="20210716 16:22:32.603"/>
</kw>
<kw name="Wait Until Element Is Visible" library="SeleniumLibrary">
<arg>${combobox}</arg>
<arg>20</arg>
<doc>Waits until the element ``locator`` is visible.</doc>
<status status="PASS" starttime="20210716 16:22:32.603" endtime="20210716 16:22:32.633"/>
</kw>
<kw name="Click Element" library="SeleniumLibrary">
<arg>${combobox}</arg>
<doc>Click the element identified by ``locator``.</doc>
<msg timestamp="20210716 16:22:32.634" level="INFO">Clicking element 'xpath=//select[@id='model']'.</msg>
<status status="PASS" starttime="20210716 16:22:32.634" endtime="20210716 16:22:32.732"/>
</kw>
<kw name="Set Variable" library="BuiltIn">
<var>${Item}</var>
<arg>${combobox}//option[@value='${itemcombobox}']</arg>
<doc>Returns the given values which can then be assigned to a variables.</doc>
<msg timestamp="20210716 16:22:32.734" level="INFO">${Item} = xpath=//select[@id='model']//option[@value='Motorcycle']</msg>
<status status="PASS" starttime="20210716 16:22:32.733" endtime="20210716 16:22:32.735"/>
</kw>
<kw name="Wait Until Element Is Visible" library="SeleniumLibrary">
<arg>${Item}</arg>
<arg>20</arg>
<doc>Waits until the element ``locator`` is visible.</doc>
<status status="PASS" starttime="20210716 16:22:32.735" endtime="20210716 16:22:32.769"/>
</kw>
<kw name="Click Element" library="SeleniumLibrary">
<arg>${Item}</arg>
<doc>Click the element identified by ``locator``.</doc>
<msg timestamp="20210716 16:22:32.769" level="INFO">Clicking element 'xpath=//select[@id='model']//option[@value='Motorcycle']'.</msg>
<status status="PASS" starttime="20210716 16:22:32.769" endtime="20210716 16:22:32.821"/>
</kw>
<status status="PASS" starttime="20210716 16:22:31.597" endtime="20210716 16:22:32.821"/>
</kw>
<status status="PASS" starttime="20210716 16:22:31.596" endtime="20210716 16:22:32.821"/>
</kw>
<status status="PASS" starttime="20210716 16:22:31.383" endtime="20210716 16:22:32.822"/>
</kw>
<kw name="Verifica Se Input Esta Na Tela" library="Accenture_resource">
<arg>${CylinderInput}</arg>
<arg>${cylinder}</arg>
<kw name="Run Keyword And Return Status" library="BuiltIn">
<var>${Status}</var>
<arg>Olha se Existe</arg>
<arg>${pageObject}</arg>
<doc>Runs the given keyword with given arguments and returns the status as a Boolean value.</doc>
<kw name="Olha se Existe" library="Accenture_resource">
<arg>${pageObject}</arg>
<kw name="Wait Until Element Is Visible" library="SeleniumLibrary">
<arg>${element}</arg>
<arg>20</arg>
<doc>Waits until the element ``locator`` is visible.</doc>
<status status="PASS" starttime="20210716 16:22:32.825" endtime="20210716 16:22:32.863"/>
</kw>
<kw name="Capture Page Screenshot" library="SeleniumLibrary">
<doc>Takes a screenshot of the current page and embeds it into a log file.</doc>
<msg timestamp="20210716 16:22:33.019" level="INFO" html="true">&lt;/td&gt;&lt;/tr&gt;&lt;tr&gt;&lt;td colspan="3"&gt;&lt;a href="selenium-screenshot-5.png"&gt;&lt;img src="selenium-screenshot-5.png" width="800px"&gt;&lt;/a&gt;</msg>
<status status="PASS" starttime="20210716 16:22:32.864" endtime="20210716 16:22:33.019"/>
</kw>
<status status="PASS" starttime="20210716 16:22:32.824" endtime="20210716 16:22:33.020"/>
</kw>
<msg timestamp="20210716 16:22:33.020" level="INFO">${Status} = True</msg>
<status status="PASS" starttime="20210716 16:22:32.824" endtime="20210716 16:22:33.020"/>
</kw>
<kw name="Run Keyword If" library="BuiltIn">
<arg>'${Status}' == 'True'</arg>
<arg>Preenche Text</arg>
<arg>${pageObject}</arg>
<arg>${opção}</arg>
<doc>Runs the given keyword with the given arguments, if ``condition`` is true.</doc>
<kw name="Preenche Text" library="Accenture_resource">
<arg>${pageObject}</arg>
<arg>${opção}</arg>
<kw name="Sleep" library="BuiltIn">
<arg>1</arg>
<doc>Pauses the test executed for the given time.</doc>
<msg timestamp="20210716 16:22:34.035" level="INFO">Slept 1 second</msg>
<status status="PASS" starttime="20210716 16:22:33.022" endtime="20210716 16:22:34.035"/>
</kw>
<kw name="Wait Until Element Is Visible" library="SeleniumLibrary">
<arg>${input}</arg>
<arg>20</arg>
<doc>Waits until the element ``locator`` is visible.</doc>
<status status="PASS" starttime="20210716 16:22:34.036" endtime="20210716 16:22:34.091"/>
</kw>
<kw name="Input Text" library="SeleniumLibrary">
<arg>${input}</arg>
<arg>${Text}</arg>
<doc>Types the given ``text`` into the text field identified by ``locator``.</doc>
<msg timestamp="20210716 16:22:34.093" level="INFO">Typing text '1000' into text field 'xpath=//input[@id='cylindercapacity']'.</msg>
<status status="PASS" starttime="20210716 16:22:34.092" endtime="20210716 16:22:34.295"/>
</kw>
<kw name="Capture Page Screenshot" library="SeleniumLibrary">
<doc>Takes a screenshot of the current page and embeds it into a log file.</doc>
<msg timestamp="20210716 16:22:34.471" level="INFO" html="true">&lt;/td&gt;&lt;/tr&gt;&lt;tr&gt;&lt;td colspan="3"&gt;&lt;a href="selenium-screenshot-6.png"&gt;&lt;img src="selenium-screenshot-6.png" width="800px"&gt;&lt;/a&gt;</msg>
<status status="PASS" starttime="20210716 16:22:34.296" endtime="20210716 16:22:34.471"/>
</kw>
<status status="PASS" starttime="20210716 16:22:33.021" endtime="20210716 16:22:34.471"/>
</kw>
<status status="PASS" starttime="20210716 16:22:33.020" endtime="20210716 16:22:34.472"/>
</kw>
<status status="PASS" starttime="20210716 16:22:32.822" endtime="20210716 16:22:34.472"/>
</kw>
<kw name="Verifica Se Input Esta Na Tela" library="Accenture_resource">
<arg>${EnginerInput}</arg>
<arg>${kws}</arg>
<kw name="Run Keyword And Return Status" library="BuiltIn">
<var>${Status}</var>
<arg>Olha se Existe</arg>
<arg>${pageObject}</arg>
<doc>Runs the given keyword with given arguments and returns the status as a Boolean value.</doc>
<kw name="Olha se Existe" library="Accenture_resource">
<arg>${pageObject}</arg>
<kw name="Wait Until Element Is Visible" library="SeleniumLibrary">
<arg>${element}</arg>
<arg>20</arg>
<doc>Waits until the element ``locator`` is visible.</doc>
<status status="PASS" starttime="20210716 16:22:34.476" endtime="20210716 16:22:34.512"/>
</kw>
<kw name="Capture Page Screenshot" library="SeleniumLibrary">
<doc>Takes a screenshot of the current page and embeds it into a log file.</doc>
<msg timestamp="20210716 16:22:34.700" level="INFO" html="true">&lt;/td&gt;&lt;/tr&gt;&lt;tr&gt;&lt;td colspan="3"&gt;&lt;a href="selenium-screenshot-7.png"&gt;&lt;img src="selenium-screenshot-7.png" width="800px"&gt;&lt;/a&gt;</msg>
<status status="PASS" starttime="20210716 16:22:34.512" endtime="20210716 16:22:34.701"/>
</kw>
<status status="PASS" starttime="20210716 16:22:34.475" endtime="20210716 16:22:34.701"/>
</kw>
<msg timestamp="20210716 16:22:34.701" level="INFO">${Status} = True</msg>
<status status="PASS" starttime="20210716 16:22:34.474" endtime="20210716 16:22:34.701"/>
</kw>
<kw name="Run Keyword If" library="BuiltIn">
<arg>'${Status}' == 'True'</arg>
<arg>Preenche Text</arg>
<arg>${pageObject}</arg>
<arg>${opção}</arg>
<doc>Runs the given keyword with the given arguments, if ``condition`` is true.</doc>
<kw name="Preenche Text" library="Accenture_resource">
<arg>${pageObject}</arg>
<arg>${opção}</arg>
<kw name="Sleep" library="BuiltIn">
<arg>1</arg>
<doc>Pauses the test executed for the given time.</doc>
<msg timestamp="20210716 16:22:35.714" level="INFO">Slept 1 second</msg>
<status status="PASS" starttime="20210716 16:22:34.704" endtime="20210716 16:22:35.714"/>
</kw>
<kw name="Wait Until Element Is Visible" library="SeleniumLibrary">
<arg>${input}</arg>
<arg>20</arg>
<doc>Waits until the element ``locator`` is visible.</doc>
<status status="PASS" starttime="20210716 16:22:35.715" endtime="20210716 16:22:35.768"/>
</kw>
<kw name="Input Text" library="SeleniumLibrary">
<arg>${input}</arg>
<arg>${Text}</arg>
<doc>Types the given ``text`` into the text field identified by ``locator``.</doc>
<msg timestamp="20210716 16:22:35.769" level="INFO">Typing text '142' into text field 'xpath=//input[@id='engineperformance']'.</msg>
<status status="PASS" starttime="20210716 16:22:35.768" endtime="20210716 16:22:35.949"/>
</kw>
<kw name="Capture Page Screenshot" library="SeleniumLibrary">
<doc>Takes a screenshot of the current page and embeds it into a log file.</doc>
<msg timestamp="20210716 16:22:36.137" level="INFO" html="true">&lt;/td&gt;&lt;/tr&gt;&lt;tr&gt;&lt;td colspan="3"&gt;&lt;a href="selenium-screenshot-8.png"&gt;&lt;img src="selenium-screenshot-8.png" width="800px"&gt;&lt;/a&gt;</msg>
<status status="PASS" starttime="20210716 16:22:35.949" endtime="20210716 16:22:36.137"/>
</kw>
<status status="PASS" starttime="20210716 16:22:34.702" endtime="20210716 16:22:36.137"/>
</kw>
<status status="PASS" starttime="20210716 16:22:34.701" endtime="20210716 16:22:36.138"/>
</kw>
<status status="PASS" starttime="20210716 16:22:34.472" endtime="20210716 16:22:36.138"/>
</kw>
<kw name="Verifica Se Input Esta Na Tela" library="Accenture_resource">
<arg>${DataManufactureInput}</arg>
<arg>${date}</arg>
<kw name="Run Keyword And Return Status" library="BuiltIn">
<var>${Status}</var>
<arg>Olha se Existe</arg>
<arg>${pageObject}</arg>
<doc>Runs the given keyword with given arguments and returns the status as a Boolean value.</doc>
<kw name="Olha se Existe" library="Accenture_resource">
<arg>${pageObject}</arg>
<kw name="Wait Until Element Is Visible" library="SeleniumLibrary">
<arg>${element}</arg>
<arg>20</arg>
<doc>Waits until the element ``locator`` is visible.</doc>
<status status="PASS" starttime="20210716 16:22:36.142" endtime="20210716 16:22:36.177"/>
</kw>
<kw name="Capture Page Screenshot" library="SeleniumLibrary">
<doc>Takes a screenshot of the current page and embeds it into a log file.</doc>
<msg timestamp="20210716 16:22:36.346" level="INFO" html="true">&lt;/td&gt;&lt;/tr&gt;&lt;tr&gt;&lt;td colspan="3"&gt;&lt;a href="selenium-screenshot-9.png"&gt;&lt;img src="selenium-screenshot-9.png" width="800px"&gt;&lt;/a&gt;</msg>
<status status="PASS" starttime="20210716 16:22:36.177" endtime="20210716 16:22:36.346"/>
</kw>
<status status="PASS" starttime="20210716 16:22:36.141" endtime="20210716 16:22:36.346"/>
</kw>
<msg timestamp="20210716 16:22:36.346" level="INFO">${Status} = True</msg>
<status status="PASS" starttime="20210716 16:22:36.140" endtime="20210716 16:22:36.347"/>
</kw>
<kw name="Run Keyword If" library="BuiltIn">
<arg>'${Status}' == 'True'</arg>
<arg>Preenche Text</arg>
<arg>${pageObject}</arg>
<arg>${opção}</arg>
<doc>Runs the given keyword with the given arguments, if ``condition`` is true.</doc>
<kw name="Preenche Text" library="Accenture_resource">
<arg>${pageObject}</arg>
<arg>${opção}</arg>
<kw name="Sleep" library="BuiltIn">
<arg>1</arg>
<doc>Pauses the test executed for the given time.</doc>
<msg timestamp="20210716 16:22:37.349" level="INFO">Slept 1 second</msg>
<status status="PASS" starttime="20210716 16:22:36.349" endtime="20210716 16:22:37.350"/>
</kw>
<kw name="Wait Until Element Is Visible" library="SeleniumLibrary">
<arg>${input}</arg>
<arg>20</arg>
<doc>Waits until the element ``locator`` is visible.</doc>
<status status="PASS" starttime="20210716 16:22:37.350" endtime="20210716 16:22:37.409"/>
</kw>
<kw name="Input Text" library="SeleniumLibrary">
<arg>${input}</arg>
<arg>${Text}</arg>
<doc>Types the given ``text`` into the text field identified by ``locator``.</doc>
<msg timestamp="20210716 16:22:37.410" level="INFO">Typing text '07/10/2000' into text field 'xpath=//input[@id='dateofmanufacture']'.</msg>
<status status="PASS" starttime="20210716 16:22:37.409" endtime="20210716 16:22:37.711"/>
</kw>
<kw name="Capture Page Screenshot" library="SeleniumLibrary">
<doc>Takes a screenshot of the current page and embeds it into a log file.</doc>
<msg timestamp="20210716 16:22:37.932" level="INFO" html="true">&lt;/td&gt;&lt;/tr&gt;&lt;tr&gt;&lt;td colspan="3"&gt;&lt;a href="selenium-screenshot-10.png"&gt;&lt;img src="selenium-screenshot-10.png" width="800px"&gt;&lt;/a&gt;</msg>
<status status="PASS" starttime="20210716 16:22:37.712" endtime="20210716 16:22:37.932"/>
</kw>
<status status="PASS" starttime="20210716 16:22:36.348" endtime="20210716 16:22:37.933"/>
</kw>
<status status="PASS" starttime="20210716 16:22:36.347" endtime="20210716 16:22:37.933"/>
</kw>
<status status="PASS" starttime="20210716 16:22:36.139" endtime="20210716 16:22:37.933"/>
</kw>
<kw name="Verifica Se ComboBox Esta Na Tela" library="Accenture_resource">
<arg>${NumSeats1ComboBx}</arg>
<arg>${number}</arg>
<kw name="Run Keyword And Return Status" library="BuiltIn">
<var>${Status}</var>
<arg>Olha se Existe</arg>
<arg>${pageObject}</arg>
<doc>Runs the given keyword with given arguments and returns the status as a Boolean value.</doc>
<kw name="Olha se Existe" library="Accenture_resource">
<arg>${pageObject}</arg>
<kw name="Wait Until Element Is Visible" library="SeleniumLibrary">
<arg>${element}</arg>
<arg>20</arg>
<doc>Waits until the element ``locator`` is visible.</doc>
<status status="PASS" starttime="20210716 16:22:37.937" endtime="20210716 16:22:37.971"/>
</kw>
<kw name="Capture Page Screenshot" library="SeleniumLibrary">
<doc>Takes a screenshot of the current page and embeds it into a log file.</doc>
<msg timestamp="20210716 16:22:38.171" level="INFO" html="true">&lt;/td&gt;&lt;/tr&gt;&lt;tr&gt;&lt;td colspan="3"&gt;&lt;a href="selenium-screenshot-11.png"&gt;&lt;img src="selenium-screenshot-11.png" width="800px"&gt;&lt;/a&gt;</msg>
<status status="PASS" starttime="20210716 16:22:37.971" endtime="20210716 16:22:38.172"/>
</kw>
<status status="PASS" starttime="20210716 16:22:37.936" endtime="20210716 16:22:38.172"/>
</kw>
<msg timestamp="20210716 16:22:38.173" level="INFO">${Status} = True</msg>
<status status="PASS" starttime="20210716 16:22:37.935" endtime="20210716 16:22:38.173"/>
</kw>
<kw name="Run Keyword If" library="BuiltIn">
<arg>'${Status}' == 'True'</arg>
<arg>Seleciona Item Combo Box</arg>
<arg>${pageObject}</arg>
<arg>${opção}</arg>
<doc>Runs the given keyword with the given arguments, if ``condition`` is true.</doc>
<kw name="Seleciona Item Combo Box" library="Accenture_resource">
<arg>${pageObject}</arg>
<arg>${opção}</arg>
<kw name="Sleep" library="BuiltIn">
<arg>1</arg>
<doc>Pauses the test executed for the given time.</doc>
<msg timestamp="20210716 16:22:39.184" level="INFO">Slept 1 second</msg>
<status status="PASS" starttime="20210716 16:22:38.175" endtime="20210716 16:22:39.184"/>
</kw>
<kw name="Wait Until Element Is Visible" library="SeleniumLibrary">
<arg>${combobox}</arg>
<arg>20</arg>
<doc>Waits until the element ``locator`` is visible.</doc>
<status status="PASS" starttime="20210716 16:22:39.185" endtime="20210716 16:22:39.242"/>
</kw>
<kw name="Click Element" library="SeleniumLibrary">
<arg>${combobox}</arg>
<doc>Click the element identified by ``locator``.</doc>
<msg timestamp="20210716 16:22:39.243" level="INFO">Clicking element 'xpath=//select[@id='numberofseats']'.</msg>
<status status="PASS" starttime="20210716 16:22:39.242" endtime="20210716 16:22:39.365"/>
</kw>
<kw name="Set Variable" library="BuiltIn">
<var>${Item}</var>
<arg>${combobox}//option[@value='${itemcombobox}']</arg>
<doc>Returns the given values which can then be assigned to a variables.</doc>
<msg timestamp="20210716 16:22:39.367" level="INFO">${Item} = xpath=//select[@id='numberofseats']//option[@value='2']</msg>
<status status="PASS" starttime="20210716 16:22:39.365" endtime="20210716 16:22:39.367"/>
</kw>
<kw name="Wait Until Element Is Visible" library="SeleniumLibrary">
<arg>${Item}</arg>
<arg>20</arg>
<doc>Waits until the element ``locator`` is visible.</doc>
<status status="PASS" starttime="20210716 16:22:39.367" endtime="20210716 16:22:39.399"/>
</kw>
<kw name="Click Element" library="SeleniumLibrary">
<arg>${Item}</arg>
<doc>Click the element identified by ``locator``.</doc>
<msg timestamp="20210716 16:22:39.400" level="INFO">Clicking element 'xpath=//select[@id='numberofseats']//option[@value='2']'.</msg>
<status status="PASS" starttime="20210716 16:22:39.400" endtime="20210716 16:22:39.451"/>
</kw>
<status status="PASS" starttime="20210716 16:22:38.174" endtime="20210716 16:22:39.452"/>
</kw>
<status status="PASS" starttime="20210716 16:22:38.173" endtime="20210716 16:22:39.452"/>
</kw>
<status status="PASS" starttime="20210716 16:22:37.933" endtime="20210716 16:22:39.453"/>
</kw>
<kw name="Verifica CheckBox Right Driver e seleciona" library="Accenture_resource">
<arg>${RightDriverRadio}</arg>
<arg>${boolean}</arg>
<kw name="Run Keyword And Return Status" library="BuiltIn">
<var>${Status}</var>
<arg>Olha se Existe</arg>
<arg>${pageObject}</arg>
<doc>Runs the given keyword with given arguments and returns the status as a Boolean value.</doc>
<kw name="Olha se Existe" library="Accenture_resource">
<arg>${pageObject}</arg>
<kw name="Wait Until Element Is Visible" library="SeleniumLibrary">
<arg>${element}</arg>
<arg>20</arg>
<doc>Waits until the element ``locator`` is visible.</doc>
<status status="PASS" starttime="20210716 16:22:39.455" endtime="20210716 16:22:39.488"/>
</kw>
<kw name="Capture Page Screenshot" library="SeleniumLibrary">
<doc>Takes a screenshot of the current page and embeds it into a log file.</doc>
<msg timestamp="20210716 16:22:39.651" level="INFO" html="true">&lt;/td&gt;&lt;/tr&gt;&lt;tr&gt;&lt;td colspan="3"&gt;&lt;a href="selenium-screenshot-12.png"&gt;&lt;img src="selenium-screenshot-12.png" width="800px"&gt;&lt;/a&gt;</msg>
<status status="PASS" starttime="20210716 16:22:39.488" endtime="20210716 16:22:39.652"/>
</kw>
<status status="PASS" starttime="20210716 16:22:39.454" endtime="20210716 16:22:39.652"/>
</kw>
<msg timestamp="20210716 16:22:39.652" level="INFO">${Status} = True</msg>
<status status="PASS" starttime="20210716 16:22:39.454" endtime="20210716 16:22:39.652"/>
</kw>
<kw name="Run Keyword If" library="BuiltIn">
<arg>'${Status}' == 'True'</arg>
<arg>Seleciona Item Check Box Right Driver</arg>
<arg>${opção}</arg>
<doc>Runs the given keyword with the given arguments, if ``condition`` is true.</doc>
<kw name="Seleciona Item Check Box Right Driver" library="Accenture_resource">
<arg>${opção}</arg>
<if>
<branch type="IF" condition="'${element}' == 'Yes'">
<kw name="Click No Item" library="Accenture_resource">
<arg>${RightDriverRadioYes}</arg>
<status status="NOT RUN" starttime="20210716 16:22:39.655" endtime="20210716 16:22:39.655"/>
</kw>
<status status="NOT RUN" starttime="20210716 16:22:39.655" endtime="20210716 16:22:39.655"/>
</branch>
<branch type="ELSE">
<kw name="Click No Item" library="Accenture_resource">
<arg>${RightDriverRadioNo}</arg>
<kw name="Sleep" library="BuiltIn">
<arg>1</arg>
<doc>Pauses the test executed for the given time.</doc>
<msg timestamp="20210716 16:22:40.660" level="INFO">Slept 1 second</msg>
<status status="PASS" starttime="20210716 16:22:39.657" endtime="20210716 16:22:40.661"/>
</kw>
<kw name="Wait Until Element Is Visible" library="SeleniumLibrary">
<arg>${item}</arg>
<arg>20</arg>
<doc>Waits until the element ``locator`` is visible.</doc>
<status status="PASS" starttime="20210716 16:22:40.662" endtime="20210716 16:22:40.733"/>
</kw>
<kw name="Click Element" library="SeleniumLibrary">
<arg>${item}</arg>
<doc>Click the element identified by ``locator``.</doc>
<msg timestamp="20210716 16:22:40.734" level="INFO">Clicking element 'xpath=//label[@class='ideal-radiocheck-label'][2]//span'.</msg>
<status status="PASS" starttime="20210716 16:22:40.733" endtime="20210716 16:22:40.813"/>
</kw>
<kw name="Capture Page Screenshot" library="SeleniumLibrary">
<doc>Takes a screenshot of the current page and embeds it into a log file.</doc>
<msg timestamp="20210716 16:22:40.996" level="INFO" html="true">&lt;/td&gt;&lt;/tr&gt;&lt;tr&gt;&lt;td colspan="3"&gt;&lt;a href="selenium-screenshot-13.png"&gt;&lt;img src="selenium-screenshot-13.png" width="800px"&gt;&lt;/a&gt;</msg>
<status status="PASS" starttime="20210716 16:22:40.813" endtime="20210716 16:22:40.996"/>
</kw>
<status status="PASS" starttime="20210716 16:22:39.656" endtime="20210716 16:22:40.996"/>
</kw>
<status status="PASS" starttime="20210716 16:22:39.656" endtime="20210716 16:22:40.997"/>
</branch>
<status status="PASS" starttime="20210716 16:22:39.655" endtime="20210716 16:22:40.997"/>
</if>
<status status="PASS" starttime="20210716 16:22:39.654" endtime="20210716 16:22:40.997"/>
</kw>
<status status="PASS" starttime="20210716 16:22:39.653" endtime="20210716 16:22:40.997"/>
</kw>
<status status="PASS" starttime="20210716 16:22:39.453" endtime="20210716 16:22:40.998"/>
</kw>
<kw name="Verifica Se ComboBox Esta Na Tela" library="Accenture_resource">
<arg>${NumSeats2ComboBx}</arg>
<arg>${number}</arg>
<kw name="Run Keyword And Return Status" library="BuiltIn">
<var>${Status}</var>
<arg>Olha se Existe</arg>
<arg>${pageObject}</arg>
<doc>Runs the given keyword with given arguments and returns the status as a Boolean value.</doc>
<kw name="Olha se Existe" library="Accenture_resource">
<arg>${pageObject}</arg>
<kw name="Wait Until Element Is Visible" library="SeleniumLibrary">
<arg>${element}</arg>
<arg>20</arg>
<doc>Waits until the element ``locator`` is visible.</doc>
<status status="PASS" starttime="20210716 16:22:41.000" endtime="20210716 16:22:41.030"/>
</kw>
<kw name="Capture Page Screenshot" library="SeleniumLibrary">
<doc>Takes a screenshot of the current page and embeds it into a log file.</doc>
<msg timestamp="20210716 16:22:41.210" level="INFO" html="true">&lt;/td&gt;&lt;/tr&gt;&lt;tr&gt;&lt;td colspan="3"&gt;&lt;a href="selenium-screenshot-14.png"&gt;&lt;img src="selenium-screenshot-14.png" width="800px"&gt;&lt;/a&gt;</msg>
<status status="PASS" starttime="20210716 16:22:41.030" endtime="20210716 16:22:41.211"/>
</kw>
<status status="PASS" starttime="20210716 16:22:40.999" endtime="20210716 16:22:41.211"/>
</kw>
<msg timestamp="20210716 16:22:41.211" level="INFO">${Status} = True</msg>
<status status="PASS" starttime="20210716 16:22:40.999" endtime="20210716 16:22:41.212"/>
</kw>
<kw name="Run Keyword If" library="BuiltIn">
<arg>'${Status}' == 'True'</arg>
<arg>Seleciona Item Combo Box</arg>
<arg>${pageObject}</arg>
<arg>${opção}</arg>
<doc>Runs the given keyword with the given arguments, if ``condition`` is true.</doc>
<kw name="Seleciona Item Combo Box" library="Accenture_resource">
<arg>${pageObject}</arg>
<arg>${opção}</arg>
<kw name="Sleep" library="BuiltIn">
<arg>1</arg>
<doc>Pauses the test executed for the given time.</doc>
<msg timestamp="20210716 16:22:42.220" level="INFO">Slept 1 second</msg>
<status status="PASS" starttime="20210716 16:22:41.214" endtime="20210716 16:22:42.221"/>
</kw>
<kw name="Wait Until Element Is Visible" library="SeleniumLibrary">
<arg>${combobox}</arg>
<arg>20</arg>
<doc>Waits until the element ``locator`` is visible.</doc>
<status status="PASS" starttime="20210716 16:22:42.221" endtime="20210716 16:22:42.285"/>
</kw>
<kw name="Click Element" library="SeleniumLibrary">
<arg>${combobox}</arg>
<doc>Click the element identified by ``locator``.</doc>
<msg timestamp="20210716 16:22:42.287" level="INFO">Clicking element 'xpath=//select[@id='numberofseatsmotorcycle']'.</msg>
<status status="PASS" starttime="20210716 16:22:42.285" endtime="20210716 16:22:42.419"/>
</kw>
<kw name="Set Variable" library="BuiltIn">
<var>${Item}</var>
<arg>${combobox}//option[@value='${itemcombobox}']</arg>
<doc>Returns the given values which can then be assigned to a variables.</doc>
<msg timestamp="20210716 16:22:42.421" level="INFO">${Item} = xpath=//select[@id='numberofseatsmotorcycle']//option[@value='2']</msg>
<status status="PASS" starttime="20210716 16:22:42.420" endtime="20210716 16:22:42.421"/>
</kw>
<kw name="Wait Until Element Is Visible" library="SeleniumLibrary">
<arg>${Item}</arg>
<arg>20</arg>
<doc>Waits until the element ``locator`` is visible.</doc>
<status status="PASS" starttime="20210716 16:22:42.421" endtime="20210716 16:22:42.454"/>
</kw>
<kw name="Click Element" library="SeleniumLibrary">
<arg>${Item}</arg>
<doc>Click the element identified by ``locator``.</doc>
<msg timestamp="20210716 16:22:42.455" level="INFO">Clicking element 'xpath=//select[@id='numberofseatsmotorcycle']//option[@value='2']'.</msg>
<status status="PASS" starttime="20210716 16:22:42.454" endtime="20210716 16:22:42.506"/>
</kw>
<status status="PASS" starttime="20210716 16:22:41.213" endtime="20210716 16:22:42.507"/>
</kw>
<status status="PASS" starttime="20210716 16:22:41.212" endtime="20210716 16:22:42.507"/>
</kw>
<status status="PASS" starttime="20210716 16:22:40.998" endtime="20210716 16:22:42.507"/>
</kw>
<kw name="Verifica Se ComboBox Esta Na Tela" library="Accenture_resource">
<arg>${FuelTypeComboBx}</arg>
<arg>${fuel}</arg>
<kw name="Run Keyword And Return Status" library="BuiltIn">
<var>${Status}</var>
<arg>Olha se Existe</arg>
<arg>${pageObject}</arg>
<doc>Runs the given keyword with given arguments and returns the status as a Boolean value.</doc>
<kw name="Olha se Existe" library="Accenture_resource">
<arg>${pageObject}</arg>
<kw name="Wait Until Element Is Visible" library="SeleniumLibrary">
<arg>${element}</arg>
<arg>20</arg>
<doc>Waits until the element ``locator`` is visible.</doc>
<status status="PASS" starttime="20210716 16:22:42.509" endtime="20210716 16:22:42.538"/>
</kw>
<kw name="Capture Page Screenshot" library="SeleniumLibrary">
<doc>Takes a screenshot of the current page and embeds it into a log file.</doc>
<msg timestamp="20210716 16:22:42.706" level="INFO" html="true">&lt;/td&gt;&lt;/tr&gt;&lt;tr&gt;&lt;td colspan="3"&gt;&lt;a href="selenium-screenshot-15.png"&gt;&lt;img src="selenium-screenshot-15.png" width="800px"&gt;&lt;/a&gt;</msg>
<status status="PASS" starttime="20210716 16:22:42.538" endtime="20210716 16:22:42.706"/>
</kw>
<status status="PASS" starttime="20210716 16:22:42.508" endtime="20210716 16:22:42.707"/>
</kw>
<msg timestamp="20210716 16:22:42.707" level="INFO">${Status} = True</msg>
<status status="PASS" starttime="20210716 16:22:42.508" endtime="20210716 16:22:42.707"/>
</kw>
<kw name="Run Keyword If" library="BuiltIn">
<arg>'${Status}' == 'True'</arg>
<arg>Seleciona Item Combo Box</arg>
<arg>${pageObject}</arg>
<arg>${opção}</arg>
<doc>Runs the given keyword with the given arguments, if ``condition`` is true.</doc>
<kw name="Seleciona Item Combo Box" library="Accenture_resource">
<arg>${pageObject}</arg>
<arg>${opção}</arg>
<kw name="Sleep" library="BuiltIn">
<arg>1</arg>
<doc>Pauses the test executed for the given time.</doc>
<msg timestamp="20210716 16:22:43.713" level="INFO">Slept 1 second</msg>
<status status="PASS" starttime="20210716 16:22:42.710" endtime="20210716 16:22:43.714"/>
</kw>
<kw name="Wait Until Element Is Visible" library="SeleniumLibrary">
<arg>${combobox}</arg>
<arg>20</arg>
<doc>Waits until the element ``locator`` is visible.</doc>
<status status="PASS" starttime="20210716 16:22:43.714" endtime="20210716 16:22:43.754"/>
</kw>
<kw name="Click Element" library="SeleniumLibrary">
<arg>${combobox}</arg>
<doc>Click the element identified by ``locator``.</doc>
<msg timestamp="20210716 16:22:43.755" level="INFO">Clicking element 'xpath=//select[@id='fuel']'.</msg>
<status status="PASS" starttime="20210716 16:22:43.754" endtime="20210716 16:22:43.863"/>
</kw>
<kw name="Set Variable" library="BuiltIn">
<var>${Item}</var>
<arg>${combobox}//option[@value='${itemcombobox}']</arg>
<doc>Returns the given values which can then be assigned to a variables.</doc>
<msg timestamp="20210716 16:22:43.864" level="INFO">${Item} = xpath=//select[@id='fuel']//option[@value='Gas']</msg>
<status status="PASS" starttime="20210716 16:22:43.863" endtime="20210716 16:22:43.864"/>
</kw>
<kw name="Wait Until Element Is Visible" library="SeleniumLibrary">
<arg>${Item}</arg>
<arg>20</arg>
<doc>Waits until the element ``locator`` is visible.</doc>
<status status="PASS" starttime="20210716 16:22:43.865" endtime="20210716 16:22:43.896"/>
</kw>
<kw name="Click Element" library="SeleniumLibrary">
<arg>${Item}</arg>
<doc>Click the element identified by ``locator``.</doc>
<msg timestamp="20210716 16:22:43.897" level="INFO">Clicking element 'xpath=//select[@id='fuel']//option[@value='Gas']'.</msg>
<status status="PASS" starttime="20210716 16:22:43.897" endtime="20210716 16:22:43.948"/>
</kw>
<status status="PASS" starttime="20210716 16:22:42.708" endtime="20210716 16:22:43.949"/>
</kw>
<status status="PASS" starttime="20210716 16:22:42.707" endtime="20210716 16:22:43.950"/>
</kw>
<status status="PASS" starttime="20210716 16:22:42.507" endtime="20210716 16:22:43.950"/>
</kw>
<kw name="Verifica Se Input Esta Na Tela" library="Accenture_resource">
<arg>${PayloadInput}</arg>
<arg>${payload}</arg>
<kw name="Run Keyword And Return Status" library="BuiltIn">
<var>${Status}</var>
<arg>Olha se Existe</arg>
<arg>${pageObject}</arg>
<doc>Runs the given keyword with given arguments and returns the status as a Boolean value.</doc>
<kw name="Olha se Existe" library="Accenture_resource">
<arg>${pageObject}</arg>
<kw name="Wait Until Element Is Visible" library="SeleniumLibrary">
<arg>${element}</arg>
<arg>20</arg>
<doc>Waits until the element ``locator`` is visible.</doc>
<status status="PASS" starttime="20210716 16:22:43.952" endtime="20210716 16:22:43.985"/>
</kw>
<kw name="Capture Page Screenshot" library="SeleniumLibrary">
<doc>Takes a screenshot of the current page and embeds it into a log file.</doc>
<msg timestamp="20210716 16:22:44.149" level="INFO" html="true">&lt;/td&gt;&lt;/tr&gt;&lt;tr&gt;&lt;td colspan="3"&gt;&lt;a href="selenium-screenshot-16.png"&gt;&lt;img src="selenium-screenshot-16.png" width="800px"&gt;&lt;/a&gt;</msg>
<status status="PASS" starttime="20210716 16:22:43.986" endtime="20210716 16:22:44.149"/>
</kw>
<status status="PASS" starttime="20210716 16:22:43.952" endtime="20210716 16:22:44.150"/>
</kw>
<msg timestamp="20210716 16:22:44.150" level="INFO">${Status} = True</msg>
<status status="PASS" starttime="20210716 16:22:43.951" endtime="20210716 16:22:44.150"/>
</kw>
<kw name="Run Keyword If" library="BuiltIn">
<arg>'${Status}' == 'True'</arg>
<arg>Preenche Text</arg>
<arg>${pageObject}</arg>
<arg>${opção}</arg>
<doc>Runs the given keyword with the given arguments, if ``condition`` is true.</doc>
<kw name="Preenche Text" library="Accenture_resource">
<arg>${pageObject}</arg>
<arg>${opção}</arg>
<kw name="Sleep" library="BuiltIn">
<arg>1</arg>
<doc>Pauses the test executed for the given time.</doc>
<msg timestamp="20210716 16:22:45.158" level="INFO">Slept 1 second</msg>
<status status="PASS" starttime="20210716 16:22:44.153" endtime="20210716 16:22:45.159"/>
</kw>
<kw name="Wait Until Element Is Visible" library="SeleniumLibrary">
<arg>${input}</arg>
<arg>20</arg>
<doc>Waits until the element ``locator`` is visible.</doc>
<status status="PASS" starttime="20210716 16:22:45.159" endtime="20210716 16:22:45.222"/>
</kw>
<kw name="Input Text" library="SeleniumLibrary">
<arg>${input}</arg>
<arg>${Text}</arg>
<doc>Types the given ``text`` into the text field identified by ``locator``.</doc>
<msg timestamp="20210716 16:22:45.224" level="INFO">Typing text '175' into text field 'xpath=//input[@id='payload']'.</msg>
<status status="PASS" starttime="20210716 16:22:45.223" endtime="20210716 16:22:45.495"/>
</kw>
<kw name="Capture Page Screenshot" library="SeleniumLibrary">
<doc>Takes a screenshot of the current page and embeds it into a log file.</doc>
<msg timestamp="20210716 16:22:45.736" level="INFO" html="true">&lt;/td&gt;&lt;/tr&gt;&lt;tr&gt;&lt;td colspan="3"&gt;&lt;a href="selenium-screenshot-17.png"&gt;&lt;img src="selenium-screenshot-17.png" width="800px"&gt;&lt;/a&gt;</msg>
<status status="PASS" starttime="20210716 16:22:45.495" endtime="20210716 16:22:45.736"/>
</kw>
<status status="PASS" starttime="20210716 16:22:44.152" endtime="20210716 16:22:45.737"/>
</kw>
<status status="PASS" starttime="20210716 16:22:44.151" endtime="20210716 16:22:45.737"/>
</kw>
<status status="PASS" starttime="20210716 16:22:43.950" endtime="20210716 16:22:45.738"/>
</kw>
<kw name="Verifica Se Input Esta Na Tela" library="Accenture_resource">
<arg>${TotalWeightInput}</arg>
<arg>${weight}</arg>
<kw name="Run Keyword And Return Status" library="BuiltIn">
<var>${Status}</var>
<arg>Olha se Existe</arg>
<arg>${pageObject}</arg>
<doc>Runs the given keyword with given arguments and returns the status as a Boolean value.</doc>
<kw name="Olha se Existe" library="Accenture_resource">
<arg>${pageObject}</arg>
<kw name="Wait Until Element Is Visible" library="SeleniumLibrary">
<arg>${element}</arg>
<arg>20</arg>
<doc>Waits until the element ``locator`` is visible.</doc>
<status status="PASS" starttime="20210716 16:22:45.742" endtime="20210716 16:22:45.787"/>
</kw>
<kw name="Capture Page Screenshot" library="SeleniumLibrary">
<doc>Takes a screenshot of the current page and embeds it into a log file.</doc>
<msg timestamp="20210716 16:22:46.004" level="INFO" html="true">&lt;/td&gt;&lt;/tr&gt;&lt;tr&gt;&lt;td colspan="3"&gt;&lt;a href="selenium-screenshot-18.png"&gt;&lt;img src="selenium-screenshot-18.png" width="800px"&gt;&lt;/a&gt;</msg>
<status status="PASS" starttime="20210716 16:22:45.788" endtime="20210716 16:22:46.004"/>
</kw>
<status status="PASS" starttime="20210716 16:22:45.740" endtime="20210716 16:22:46.005"/>
</kw>
<msg timestamp="20210716 16:22:46.006" level="INFO">${Status} = True</msg>
<status status="PASS" starttime="20210716 16:22:45.740" endtime="20210716 16:22:46.006"/>
</kw>
<kw name="Run Keyword If" library="BuiltIn">
<arg>'${Status}' == 'True'</arg>
<arg>Preenche Text</arg>
<arg>${pageObject}</arg>
<arg>${opção}</arg>
<doc>Runs the given keyword with the given arguments, if ``condition`` is true.</doc>
<kw name="Preenche Text" library="Accenture_resource">
<arg>${pageObject}</arg>
<arg>${opção}</arg>
<kw name="Sleep" library="BuiltIn">
<arg>1</arg>
<doc>Pauses the test executed for the given time.</doc>
<msg timestamp="20210716 16:22:47.009" level="INFO">Slept 1 second</msg>
<status status="PASS" starttime="20210716 16:22:46.009" endtime="20210716 16:22:47.010"/>
</kw>
<kw name="Wait Until Element Is Visible" library="SeleniumLibrary">
<arg>${input}</arg>
<arg>20</arg>
<doc>Waits until the element ``locator`` is visible.</doc>
<status status="PASS" starttime="20210716 16:22:47.011" endtime="20210716 16:22:47.075"/>
</kw>
<kw name="Input Text" library="SeleniumLibrary">
<arg>${input}</arg>
<arg>${Text}</arg>
<doc>Types the given ``text`` into the text field identified by ``locator``.</doc>
<msg timestamp="20210716 16:22:47.078" level="INFO">Typing text '190' into text field 'xpath=//input[@id='totalweight']'.</msg>
<status status="PASS" starttime="20210716 16:22:47.076" endtime="20210716 16:22:47.325"/>
</kw>
<kw name="Capture Page Screenshot" library="SeleniumLibrary">
<doc>Takes a screenshot of the current page and embeds it into a log file.</doc>
<msg timestamp="20210716 16:22:47.521" level="INFO" html="true">&lt;/td&gt;&lt;/tr&gt;&lt;tr&gt;&lt;td colspan="3"&gt;&lt;a href="selenium-screenshot-19.png"&gt;&lt;img src="selenium-screenshot-19.png" width="800px"&gt;&lt;/a&gt;</msg>
<status status="PASS" starttime="20210716 16:22:47.325" endtime="20210716 16:22:47.521"/>
</kw>
<status status="PASS" starttime="20210716 16:22:46.007" endtime="20210716 16:22:47.522"/>
</kw>
<status status="PASS" starttime="20210716 16:22:46.006" endtime="20210716 16:22:47.522"/>
</kw>
<status status="PASS" starttime="20210716 16:22:45.738" endtime="20210716 16:22:47.522"/>
</kw>
<kw name="Verifica Se Input Esta Na Tela" library="Accenture_resource">
<arg>${ListPriceInput}</arg>
<arg>${price}</arg>
<kw name="Run Keyword And Return Status" library="BuiltIn">
<var>${Status}</var>
<arg>Olha se Existe</arg>
<arg>${pageObject}</arg>
<doc>Runs the given keyword with given arguments and returns the status as a Boolean value.</doc>
<kw name="Olha se Existe" library="Accenture_resource">
<arg>${pageObject}</arg>
<kw name="Wait Until Element Is Visible" library="SeleniumLibrary">
<arg>${element}</arg>
<arg>20</arg>
<doc>Waits until the element ``locator`` is visible.</doc>
<status status="PASS" starttime="20210716 16:22:47.525" endtime="20210716 16:22:47.565"/>
</kw>
<kw name="Capture Page Screenshot" library="SeleniumLibrary">
<doc>Takes a screenshot of the current page and embeds it into a log file.</doc>
<msg timestamp="20210716 16:22:47.778" level="INFO" html="true">&lt;/td&gt;&lt;/tr&gt;&lt;tr&gt;&lt;td colspan="3"&gt;&lt;a href="selenium-screenshot-20.png"&gt;&lt;img src="selenium-screenshot-20.png" width="800px"&gt;&lt;/a&gt;</msg>
<status status="PASS" starttime="20210716 16:22:47.565" endtime="20210716 16:22:47.778"/>
</kw>
<status status="PASS" starttime="20210716 16:22:47.524" endtime="20210716 16:22:47.778"/>
</kw>
<msg timestamp="20210716 16:22:47.778" level="INFO">${Status} = True</msg>
<status status="PASS" starttime="20210716 16:22:47.524" endtime="20210716 16:22:47.778"/>
</kw>
<kw name="Run Keyword If" library="BuiltIn">
<arg>'${Status}' == 'True'</arg>
<arg>Preenche Text</arg>
<arg>${pageObject}</arg>
<arg>${opção}</arg>
<doc>Runs the given keyword with the given arguments, if ``condition`` is true.</doc>
<kw name="Preenche Text" library="Accenture_resource">
<arg>${pageObject}</arg>
<arg>${opção}</arg>
<kw name="Sleep" library="BuiltIn">
<arg>1</arg>
<doc>Pauses the test executed for the given time.</doc>
<msg timestamp="20210716 16:22:48.781" level="INFO">Slept 1 second</msg>
<status status="PASS" starttime="20210716 16:22:47.780" endtime="20210716 16:22:48.781"/>
</kw>
<kw name="Wait Until Element Is Visible" library="SeleniumLibrary">
<arg>${input}</arg>
<arg>20</arg>
<doc>Waits until the element ``locator`` is visible.</doc>
<status status="PASS" starttime="20210716 16:22:48.782" endtime="20210716 16:22:48.829"/>
</kw>
<kw name="Input Text" library="SeleniumLibrary">
<arg>${input}</arg>
<arg>${Text}</arg>
<doc>Types the given ``text`` into the text field identified by ``locator``.</doc>
<msg timestamp="20210716 16:22:48.830" level="INFO">Typing text '62000' into text field 'xpath=//input[@id='listprice']'.</msg>
<status status="PASS" starttime="20210716 16:22:48.829" endtime="20210716 16:22:49.008"/>
</kw>
<kw name="Capture Page Screenshot" library="SeleniumLibrary">
<doc>Takes a screenshot of the current page and embeds it into a log file.</doc>
<msg timestamp="20210716 16:22:49.202" level="INFO" html="true">&lt;/td&gt;&lt;/tr&gt;&lt;tr&gt;&lt;td colspan="3"&gt;&lt;a href="selenium-screenshot-21.png"&gt;&lt;img src="selenium-screenshot-21.png" width="800px"&gt;&lt;/a&gt;</msg>
<status status="PASS" starttime="20210716 16:22:49.008" endtime="20210716 16:22:49.203"/>
</kw>
<status status="PASS" starttime="20210716 16:22:47.779" endtime="20210716 16:22:49.203"/>
</kw>
<status status="PASS" starttime="20210716 16:22:47.779" endtime="20210716 16:22:49.203"/>
</kw>
<status status="PASS" starttime="20210716 16:22:47.523" endtime="20210716 16:22:49.204"/>
</kw>
<kw name="Verifica Se Input Esta Na Tela" library="Accenture_resource">
<arg>${LicensePlaterInput}</arg>
<arg>${plate}</arg>
<kw name="Run Keyword And Return Status" library="BuiltIn">
<var>${Status}</var>
<arg>Olha se Existe</arg>
<arg>${pageObject}</arg>
<doc>Runs the given keyword with given arguments and returns the status as a Boolean value.</doc>
<kw name="Olha se Existe" library="Accenture_resource">
<arg>${pageObject}</arg>
<kw name="Wait Until Element Is Visible" library="SeleniumLibrary">
<arg>${element}</arg>
<arg>20</arg>
<doc>Waits until the element ``locator`` is visible.</doc>
<status status="PASS" starttime="20210716 16:22:49.207" endtime="20210716 16:22:49.243"/>
</kw>
<kw name="Capture Page Screenshot" library="SeleniumLibrary">
<doc>Takes a screenshot of the current page and embeds it into a log file.</doc>
<msg timestamp="20210716 16:22:49.469" level="INFO" html="true">&lt;/td&gt;&lt;/tr&gt;&lt;tr&gt;&lt;td colspan="3"&gt;&lt;a href="selenium-screenshot-22.png"&gt;&lt;img src="selenium-screenshot-22.png" width="800px"&gt;&lt;/a&gt;</msg>
<status status="PASS" starttime="20210716 16:22:49.244" endtime="20210716 16:22:49.469"/>
</kw>
<status status="PASS" starttime="20210716 16:22:49.206" endtime="20210716 16:22:49.469"/>
</kw>
<msg timestamp="20210716 16:22:49.470" level="INFO">${Status} = True</msg>
<status status="PASS" starttime="20210716 16:22:49.206" endtime="20210716 16:22:49.470"/>
</kw>
<kw name="Run Keyword If" library="BuiltIn">
<arg>'${Status}' == 'True'</arg>
<arg>Preenche Text</arg>
<arg>${pageObject}</arg>
<arg>${opção}</arg>
<doc>Runs the given keyword with the given arguments, if ``condition`` is true.</doc>
<kw name="Preenche Text" library="Accenture_resource">
<arg>${pageObject}</arg>
<arg>${opção}</arg>
<kw name="Sleep" library="BuiltIn">
<arg>1</arg>
<doc>Pauses the test executed for the given time.</doc>
<msg timestamp="20210716 16:22:50.487" level="INFO">Slept 1 second</msg>
<status status="PASS" starttime="20210716 16:22:49.472" endtime="20210716 16:22:50.488"/>
</kw>
<kw name="Wait Until Element Is Visible" library="SeleniumLibrary">
<arg>${input}</arg>
<arg>20</arg>
<doc>Waits until the element ``locator`` is visible.</doc>
<status status="PASS" starttime="20210716 16:22:50.488" endtime="20210716 16:22:50.551"/>
</kw>
<kw name="Input Text" library="SeleniumLibrary">
<arg>${input}</arg>
<arg>${Text}</arg>
<doc>Types the given ``text`` into the text field identified by ``locator``.</doc>
<msg timestamp="20210716 16:22:50.552" level="INFO">Typing text 'FSI 3013' into text field 'xpath=//input[@id='licenseplatenumber']'.</msg>
<status status="PASS" starttime="20210716 16:22:50.551" endtime="20210716 16:22:50.798"/>
</kw>
<kw name="Capture Page Screenshot" library="SeleniumLibrary">
<doc>Takes a screenshot of the current page and embeds it into a log file.</doc>
<msg timestamp="20210716 16:22:51.005" level="INFO" html="true">&lt;/td&gt;&lt;/tr&gt;&lt;tr&gt;&lt;td colspan="3"&gt;&lt;a href="selenium-screenshot-23.png"&gt;&lt;img src="selenium-screenshot-23.png" width="800px"&gt;&lt;/a&gt;</msg>
<status status="PASS" starttime="20210716 16:22:50.799" endtime="20210716 16:22:51.005"/>
</kw>
<status status="PASS" starttime="20210716 16:22:49.471" endtime="20210716 16:22:51.006"/>
</kw>
<status status="PASS" starttime="20210716 16:22:49.470" endtime="20210716 16:22:51.006"/>
</kw>
<status status="PASS" starttime="20210716 16:22:49.204" endtime="20210716 16:22:51.006"/>
</kw>
<kw name="Verifica Se Input Esta Na Tela" library="Accenture_resource">
<arg>${AnnualMileageInput}</arg>
<arg>${mileage}</arg>
<kw name="Run Keyword And Return Status" library="BuiltIn">
<var>${Status}</var>
<arg>Olha se Existe</arg>
<arg>${pageObject}</arg>
<doc>Runs the given keyword with given arguments and returns the status as a Boolean value.</doc>
<kw name="Olha se Existe" library="Accenture_resource">
<arg>${pageObject}</arg>
<kw name="Wait Until Element Is Visible" library="SeleniumLibrary">
<arg>${element}</arg>
<arg>20</arg>
<doc>Waits until the element ``locator`` is visible.</doc>
<status status="PASS" starttime="20210716 16:22:51.010" endtime="20210716 16:22:51.047"/>
</kw>
<kw name="Capture Page Screenshot" library="SeleniumLibrary">
<doc>Takes a screenshot of the current page and embeds it into a log file.</doc>
<msg timestamp="20210716 16:22:51.245" level="INFO" html="true">&lt;/td&gt;&lt;/tr&gt;&lt;tr&gt;&lt;td colspan="3"&gt;&lt;a href="selenium-screenshot-24.png"&gt;&lt;img src="selenium-screenshot-24.png" width="800px"&gt;&lt;/a&gt;</msg>
<status status="PASS" starttime="20210716 16:22:51.048" endtime="20210716 16:22:51.245"/>
</kw>
<status status="PASS" starttime="20210716 16:22:51.009" endtime="20210716 16:22:51.246"/>
</kw>
<msg timestamp="20210716 16:22:51.246" level="INFO">${Status} = True</msg>
<status status="PASS" starttime="20210716 16:22:51.008" endtime="20210716 16:22:51.246"/>
</kw>
<kw name="Run Keyword If" library="BuiltIn">
<arg>'${Status}' == 'True'</arg>
<arg>Preenche Text</arg>
<arg>${pageObject}</arg>
<arg>${opção}</arg>
<doc>Runs the given keyword with the given arguments, if ``condition`` is true.</doc>
<kw name="Preenche Text" library="Accenture_resource">
<arg>${pageObject}</arg>
<arg>${opção}</arg>
<kw name="Sleep" library="BuiltIn">
<arg>1</arg>
<doc>Pauses the test executed for the given time.</doc>
<msg timestamp="20210716 16:22:52.254" level="INFO">Slept 1 second</msg>
<status status="PASS" starttime="20210716 16:22:51.248" endtime="20210716 16:22:52.254"/>
</kw>
<kw name="Wait Until Element Is Visible" library="SeleniumLibrary">
<arg>${input}</arg>
<arg>20</arg>
<doc>Waits until the element ``locator`` is visible.</doc>
<status status="PASS" starttime="20210716 16:22:52.254" endtime="20210716 16:22:52.278"/>
</kw>
<kw name="Input Text" library="SeleniumLibrary">
<arg>${input}</arg>
<arg>${Text}</arg>
<doc>Types the given ``text`` into the text field identified by ``locator``.</doc>
<msg timestamp="20210716 16:22:52.279" level="INFO">Typing text '5000' into text field 'xpath=//input[@id='annualmileage']'.</msg>
<status status="PASS" starttime="20210716 16:22:52.278" endtime="20210716 16:22:52.442"/>
</kw>
<kw name="Capture Page Screenshot" library="SeleniumLibrary">
<doc>Takes a screenshot of the current page and embeds it into a log file.</doc>
<msg timestamp="20210716 16:22:52.623" level="INFO" html="true">&lt;/td&gt;&lt;/tr&gt;&lt;tr&gt;&lt;td colspan="3"&gt;&lt;a href="selenium-screenshot-25.png"&gt;&lt;img src="selenium-screenshot-25.png" width="800px"&gt;&lt;/a&gt;</msg>
<status status="PASS" starttime="20210716 16:22:52.442" endtime="20210716 16:22:52.623"/>
</kw>
<status status="PASS" starttime="20210716 16:22:51.247" endtime="20210716 16:22:52.623"/>
</kw>
<status status="PASS" starttime="20210716 16:22:51.246" endtime="20210716 16:22:52.623"/>
</kw>
<status status="PASS" starttime="20210716 16:22:51.007" endtime="20210716 16:22:52.624"/>
</kw>
<kw name="Verifica Se Item Esta Na Tela" library="Accenture_resource">
<arg>${Next}</arg>
<kw name="Run Keyword And Return Status" library="BuiltIn">
<var>${Status}</var>
<arg>Olha se Existe</arg>
<arg>${pageObject}</arg>
<doc>Runs the given keyword with given arguments and returns the status as a Boolean value.</doc>
<kw name="Olha se Existe" library="Accenture_resource">
<arg>${pageObject}</arg>
<kw name="Wait Until Element Is Visible" library="SeleniumLibrary">
<arg>${element}</arg>
<arg>20</arg>
<doc>Waits until the element ``locator`` is visible.</doc>
<status status="PASS" starttime="20210716 16:22:52.626" endtime="20210716 16:22:52.660"/>
</kw>
<kw name="Capture Page Screenshot" library="SeleniumLibrary">
<doc>Takes a screenshot of the current page and embeds it into a log file.</doc>
<msg timestamp="20210716 16:22:52.850" level="INFO" html="true">&lt;/td&gt;&lt;/tr&gt;&lt;tr&gt;&lt;td colspan="3"&gt;&lt;a href="selenium-screenshot-26.png"&gt;&lt;img src="selenium-screenshot-26.png" width="800px"&gt;&lt;/a&gt;</msg>
<status status="PASS" starttime="20210716 16:22:52.660" endtime="20210716 16:22:52.850"/>
</kw>
<status status="PASS" starttime="20210716 16:22:52.625" endtime="20210716 16:22:52.850"/>
</kw>
<msg timestamp="20210716 16:22:52.851" level="INFO">${Status} = True</msg>
<status status="PASS" starttime="20210716 16:22:52.625" endtime="20210716 16:22:52.851"/>
</kw>
<kw name="Run Keyword If" library="BuiltIn">
<arg>'${Status}' == 'True'</arg>
<arg>Click No Item</arg>
<arg>${pageObject}</arg>
<doc>Runs the given keyword with the given arguments, if ``condition`` is true.</doc>
<kw name="Click No Item" library="Accenture_resource">
<arg>${pageObject}</arg>
<kw name="Sleep" library="BuiltIn">
<arg>1</arg>
<doc>Pauses the test executed for the given time.</doc>
<msg timestamp="20210716 16:22:53.864" level="INFO">Slept 1 second</msg>
<status status="PASS" starttime="20210716 16:22:52.852" endtime="20210716 16:22:53.865"/>
</kw>
<kw name="Wait Until Element Is Visible" library="SeleniumLibrary">
<arg>${item}</arg>
<arg>20</arg>
<doc>Waits until the element ``locator`` is visible.</doc>
<status status="PASS" starttime="20210716 16:22:53.866" endtime="20210716 16:22:53.931"/>
</kw>
<kw name="Click Element" library="SeleniumLibrary">
<arg>${item}</arg>
<doc>Click the element identified by ``locator``.</doc>
<msg timestamp="20210716 16:22:53.933" level="INFO">Clicking element 'xpath=//button[@id='nextenterinsurantdata']'.</msg>
<status status="PASS" starttime="20210716 16:22:53.932" endtime="20210716 16:22:54.075"/>
</kw>
<kw name="Capture Page Screenshot" library="SeleniumLibrary">
<doc>Takes a screenshot of the current page and embeds it into a log file.</doc>
<msg timestamp="20210716 16:22:54.271" level="INFO" html="true">&lt;/td&gt;&lt;/tr&gt;&lt;tr&gt;&lt;td colspan="3"&gt;&lt;a href="selenium-screenshot-27.png"&gt;&lt;img src="selenium-screenshot-27.png" width="800px"&gt;&lt;/a&gt;</msg>
<status status="PASS" starttime="20210716 16:22:54.075" endtime="20210716 16:22:54.272"/>
</kw>
<status status="PASS" starttime="20210716 16:22:52.852" endtime="20210716 16:22:54.272"/>
</kw>
<status status="PASS" starttime="20210716 16:22:52.851" endtime="20210716 16:22:54.272"/>
</kw>
<status status="PASS" starttime="20210716 16:22:52.624" endtime="20210716 16:22:54.273"/>
</kw>
<kw name="Olha se Existe" library="Accenture_resource">
<arg>${FirstName_Input}</arg>
<kw name="Wait Until Element Is Visible" library="SeleniumLibrary">
<arg>${element}</arg>
<arg>20</arg>
<doc>Waits until the element ``locator`` is visible.</doc>
<status status="PASS" starttime="20210716 16:22:54.274" endtime="20210716 16:22:54.308"/>
</kw>
<kw name="Capture Page Screenshot" library="SeleniumLibrary">
<doc>Takes a screenshot of the current page and embeds it into a log file.</doc>
<msg timestamp="20210716 16:22:54.504" level="INFO" html="true">&lt;/td&gt;&lt;/tr&gt;&lt;tr&gt;&lt;td colspan="3"&gt;&lt;a href="selenium-screenshot-28.png"&gt;&lt;img src="selenium-screenshot-28.png" width="800px"&gt;&lt;/a&gt;</msg>
<status status="PASS" starttime="20210716 16:22:54.308" endtime="20210716 16:22:54.504"/>
</kw>
<status status="PASS" starttime="20210716 16:22:54.273" endtime="20210716 16:22:54.504"/>
</kw>
<status status="PASS" starttime="20210716 16:22:29.917" endtime="20210716 16:22:54.505"/>
</kw>
<kw name="E preencho as informações da Segunda tela com &quot;Andre&quot;, &quot;Luis&quot;, &quot;12/12/2000&quot;, &quot;Male&quot;, &quot;R. Mariano filho 280&quot;, &quot;Brazil&quot;, &quot;9999&quot;, &quot;São Paulo&quot;, &quot;Employee&quot;, e &quot;Other&quot;" library="Accenture_steps" sourcename="E preencho as informações da Segunda tela com &quot;${First_Name}&quot;, &quot;${Last_Name}&quot;, &quot;${Date_of_Birth}&quot;, &quot;${Gender}&quot;, &quot;${Street_Address}&quot;, &quot;${Country}&quot;, &quot;${Zip_Code}&quot;, &quot;${City}&quot;, &quot;${Occupation}&quot;, e &quot;${Hobbies}&quot;">
<kw name="Olha se Existe" library="Accenture_resource">
<arg>${Insurant}</arg>
<kw name="Wait Until Element Is Visible" library="SeleniumLibrary">
<arg>${element}</arg>
<arg>20</arg>
<doc>Waits until the element ``locator`` is visible.</doc>
<status status="PASS" starttime="20210716 16:22:54.508" endtime="20210716 16:22:54.548"/>
</kw>
<kw name="Capture Page Screenshot" library="SeleniumLibrary">
<doc>Takes a screenshot of the current page and embeds it into a log file.</doc>
<msg timestamp="20210716 16:22:54.711" level="INFO" html="true">&lt;/td&gt;&lt;/tr&gt;&lt;tr&gt;&lt;td colspan="3"&gt;&lt;a href="selenium-screenshot-29.png"&gt;&lt;img src="selenium-screenshot-29.png" width="800px"&gt;&lt;/a&gt;</msg>
<status status="PASS" starttime="20210716 16:22:54.549" endtime="20210716 16:22:54.711"/>
</kw>
<status status="PASS" starttime="20210716 16:22:54.507" endtime="20210716 16:22:54.712"/>
</kw>
<kw name="Verifica Se Input Esta Na Tela" library="Accenture_resource">
<arg>${FirstName_Input}</arg>
<arg>${First_Name}</arg>
<kw name="Run Keyword And Return Status" library="BuiltIn">
<var>${Status}</var>
<arg>Olha se Existe</arg>
<arg>${pageObject}</arg>
<doc>Runs the given keyword with given arguments and returns the status as a Boolean value.</doc>
<kw name="Olha se Existe" library="Accenture_resource">
<arg>${pageObject}</arg>
<kw name="Wait Until Element Is Visible" library="SeleniumLibrary">
<arg>${element}</arg>
<arg>20</arg>
<doc>Waits until the element ``locator`` is visible.</doc>
<status status="PASS" starttime="20210716 16:22:54.715" endtime="20210716 16:22:54.740"/>
</kw>
<kw name="Capture Page Screenshot" library="SeleniumLibrary">
<doc>Takes a screenshot of the current page and embeds it into a log file.</doc>
<msg timestamp="20210716 16:22:54.939" level="INFO" html="true">&lt;/td&gt;&lt;/tr&gt;&lt;tr&gt;&lt;td colspan="3"&gt;&lt;a href="selenium-screenshot-30.png"&gt;&lt;img src="selenium-screenshot-30.png" width="800px"&gt;&lt;/a&gt;</msg>
<status status="PASS" starttime="20210716 16:22:54.740" endtime="20210716 16:22:54.939"/>
</kw>
<status status="PASS" starttime="20210716 16:22:54.714" endtime="20210716 16:22:54.939"/>
</kw>
<msg timestamp="20210716 16:22:54.939" level="INFO">${Status} = True</msg>
<status status="PASS" starttime="20210716 16:22:54.713" endtime="20210716 16:22:54.940"/>
</kw>
<kw name="Run Keyword If" library="BuiltIn">
<arg>'${Status}' == 'True'</arg>
<arg>Preenche Text</arg>
<arg>${pageObject}</arg>
<arg>${opção}</arg>
<doc>Runs the given keyword with the given arguments, if ``condition`` is true.</doc>
<kw name="Preenche Text" library="Accenture_resource">
<arg>${pageObject}</arg>
<arg>${opção}</arg>
<kw name="Sleep" library="BuiltIn">
<arg>1</arg>
<doc>Pauses the test executed for the given time.</doc>
<msg timestamp="20210716 16:22:55.945" level="INFO">Slept 1 second</msg>
<status status="PASS" starttime="20210716 16:22:54.941" endtime="20210716 16:22:55.946"/>
</kw>
<kw name="Wait Until Element Is Visible" library="SeleniumLibrary">
<arg>${input}</arg>
<arg>20</arg>
<doc>Waits until the element ``locator`` is visible.</doc>
<status status="PASS" starttime="20210716 16:22:55.946" endtime="20210716 16:22:56.028"/>
</kw>
<kw name="Input Text" library="SeleniumLibrary">
<arg>${input}</arg>
<arg>${Text}</arg>
<doc>Types the given ``text`` into the text field identified by ``locator``.</doc>
<msg timestamp="20210716 16:22:56.030" level="INFO">Typing text 'Andre' into text field 'xpath=//input[@id='firstname']'.</msg>
<status status="PASS" starttime="20210716 16:22:56.029" endtime="20210716 16:22:56.213"/>
</kw>
<kw name="Capture Page Screenshot" library="SeleniumLibrary">
<doc>Takes a screenshot of the current page and embeds it into a log file.</doc>
<msg timestamp="20210716 16:22:56.386" level="INFO" html="true">&lt;/td&gt;&lt;/tr&gt;&lt;tr&gt;&lt;td colspan="3"&gt;&lt;a href="selenium-screenshot-31.png"&gt;&lt;img src="selenium-screenshot-31.png" width="800px"&gt;&lt;/a&gt;</msg>
<status status="PASS" starttime="20210716 16:22:56.214" endtime="20210716 16:22:56.386"/>
</kw>
<status status="PASS" starttime="20210716 16:22:54.940" endtime="20210716 16:22:56.386"/>
</kw>
<status status="PASS" starttime="20210716 16:22:54.940" endtime="20210716 16:22:56.387"/>
</kw>
<status status="PASS" starttime="20210716 16:22:54.712" endtime="20210716 16:22:56.387"/>
</kw>
<kw name="Verifica Se Input Esta Na Tela" library="Accenture_resource">
<arg>${LastName_Input}</arg>
<arg>${Last_Name}</arg>
<kw name="Run Keyword And Return Status" library="BuiltIn">
<var>${Status}</var>
<arg>Olha se Existe</arg>
<arg>${pageObject}</arg>
<doc>Runs the given keyword with given arguments and returns the status as a Boolean value.</doc>
<kw name="Olha se Existe" library="Accenture_resource">
<arg>${pageObject}</arg>
<kw name="Wait Until Element Is Visible" library="SeleniumLibrary">
<arg>${element}</arg>
<arg>20</arg>
<doc>Waits until the element ``locator`` is visible.</doc>
<status status="PASS" starttime="20210716 16:22:56.389" endtime="20210716 16:22:56.423"/>
</kw>
<kw name="Capture Page Screenshot" library="SeleniumLibrary">
<doc>Takes a screenshot of the current page and embeds it into a log file.</doc>
<msg timestamp="20210716 16:22:56.600" level="INFO" html="true">&lt;/td&gt;&lt;/tr&gt;&lt;tr&gt;&lt;td colspan="3"&gt;&lt;a href="selenium-screenshot-32.png"&gt;&lt;img src="selenium-screenshot-32.png" width="800px"&gt;&lt;/a&gt;</msg>
<status status="PASS" starttime="20210716 16:22:56.423" endtime="20210716 16:22:56.600"/>
</kw>
<status status="PASS" starttime="20210716 16:22:56.388" endtime="20210716 16:22:56.600"/>
</kw>
<msg timestamp="20210716 16:22:56.601" level="INFO">${Status} = True</msg>
<status status="PASS" starttime="20210716 16:22:56.388" endtime="20210716 16:22:56.601"/>
</kw>
<kw name="Run Keyword If" library="BuiltIn">
<arg>'${Status}' == 'True'</arg>
<arg>Preenche Text</arg>
<arg>${pageObject}</arg>
<arg>${opção}</arg>
<doc>Runs the given keyword with the given arguments, if ``condition`` is true.</doc>
<kw name="Preenche Text" library="Accenture_resource">
<arg>${pageObject}</arg>
<arg>${opção}</arg>
<kw name="Sleep" library="BuiltIn">
<arg>1</arg>
<doc>Pauses the test executed for the given time.</doc>
<msg timestamp="20210716 16:22:57.609" level="INFO">Slept 1 second</msg>
<status status="PASS" starttime="20210716 16:22:56.602" endtime="20210716 16:22:57.609"/>
</kw>
<kw name="Wait Until Element Is Visible" library="SeleniumLibrary">
<arg>${input}</arg>
<arg>20</arg>
<doc>Waits until the element ``locator`` is visible.</doc>
<status status="PASS" starttime="20210716 16:22:57.610" endtime="20210716 16:22:57.675"/>
</kw>
<kw name="Input Text" library="SeleniumLibrary">
<arg>${input}</arg>
<arg>${Text}</arg>
<doc>Types the given ``text`` into the text field identified by ``locator``.</doc>
<msg timestamp="20210716 16:22:57.677" level="INFO">Typing text 'Luis' into text field 'xpath=//input[@id='lastname']'.</msg>
<status status="PASS" starttime="20210716 16:22:57.676" endtime="20210716 16:22:57.908"/>
</kw>
<kw name="Capture Page Screenshot" library="SeleniumLibrary">
<doc>Takes a screenshot of the current page and embeds it into a log file.</doc>
<msg timestamp="20210716 16:22:58.118" level="INFO" html="true">&lt;/td&gt;&lt;/tr&gt;&lt;tr&gt;&lt;td colspan="3"&gt;&lt;a href="selenium-screenshot-33.png"&gt;&lt;img src="selenium-screenshot-33.png" width="800px"&gt;&lt;/a&gt;</msg>
<status status="PASS" starttime="20210716 16:22:57.908" endtime="20210716 16:22:58.118"/>
</kw>
<status status="PASS" starttime="20210716 16:22:56.601" endtime="20210716 16:22:58.119"/>
</kw>
<status status="PASS" starttime="20210716 16:22:56.601" endtime="20210716 16:22:58.119"/>
</kw>
<status status="PASS" starttime="20210716 16:22:56.387" endtime="20210716 16:22:58.119"/>
</kw>
<kw name="Verifica Se Input Esta Na Tela" library="Accenture_resource">
<arg>${DateOfBirth_Input}</arg>
<arg>${Date_of_Birth}</arg>
<kw name="Run Keyword And Return Status" library="BuiltIn">
<var>${Status}</var>
<arg>Olha se Existe</arg>
<arg>${pageObject}</arg>
<doc>Runs the given keyword with given arguments and returns the status as a Boolean value.</doc>
<kw name="Olha se Existe" library="Accenture_resource">
<arg>${pageObject}</arg>
<kw name="Wait Until Element Is Visible" library="SeleniumLibrary">
<arg>${element}</arg>
<arg>20</arg>
<doc>Waits until the element ``locator`` is visible.</doc>
<status status="PASS" starttime="20210716 16:22:58.123" endtime="20210716 16:22:58.159"/>
</kw>
<kw name="Capture Page Screenshot" library="SeleniumLibrary">
<doc>Takes a screenshot of the current page and embeds it into a log file.</doc>
<msg timestamp="20210716 16:22:58.361" level="INFO" html="true">&lt;/td&gt;&lt;/tr&gt;&lt;tr&gt;&lt;td colspan="3"&gt;&lt;a href="selenium-screenshot-34.png"&gt;&lt;img src="selenium-screenshot-34.png" width="800px"&gt;&lt;/a&gt;</msg>
<status status="PASS" starttime="20210716 16:22:58.159" endtime="20210716 16:22:58.362"/>
</kw>
<status status="PASS" starttime="20210716 16:22:58.122" endtime="20210716 16:22:58.362"/>
</kw>
<msg timestamp="20210716 16:22:58.362" level="INFO">${Status} = True</msg>
<status status="PASS" starttime="20210716 16:22:58.121" endtime="20210716 16:22:58.362"/>
</kw>
<kw name="Run Keyword If" library="BuiltIn">
<arg>'${Status}' == 'True'</arg>
<arg>Preenche Text</arg>
<arg>${pageObject}</arg>
<arg>${opção}</arg>
<doc>Runs the given keyword with the given arguments, if ``condition`` is true.</doc>
<kw name="Preenche Text" library="Accenture_resource">
<arg>${pageObject}</arg>
<arg>${opção}</arg>
<kw name="Sleep" library="BuiltIn">
<arg>1</arg>
<doc>Pauses the test executed for the given time.</doc>
<msg timestamp="20210716 16:22:59.371" level="INFO">Slept 1 second</msg>
<status status="PASS" starttime="20210716 16:22:58.365" endtime="20210716 16:22:59.371"/>
</kw>
<kw name="Wait Until Element Is Visible" library="SeleniumLibrary">
<arg>${input}</arg>
<arg>20</arg>
<doc>Waits until the element ``locator`` is visible.</doc>
<status status="PASS" starttime="20210716 16:22:59.372" endtime="20210716 16:22:59.436"/>
</kw>
<kw name="Input Text" library="SeleniumLibrary">
<arg>${input}</arg>
<arg>${Text}</arg>
<doc>Types the given ``text`` into the text field identified by ``locator``.</doc>
<msg timestamp="20210716 16:22:59.438" level="INFO">Typing text '12/12/2000' into text field 'xpath=//input[@id='birthdate']'.</msg>
<status status="PASS" starttime="20210716 16:22:59.436" endtime="20210716 16:22:59.752"/>
</kw>
<kw name="Capture Page Screenshot" library="SeleniumLibrary">
<doc>Takes a screenshot of the current page and embeds it into a log file.</doc>
<msg timestamp="20210716 16:22:59.958" level="INFO" html="true">&lt;/td&gt;&lt;/tr&gt;&lt;tr&gt;&lt;td colspan="3"&gt;&lt;a href="selenium-screenshot-35.png"&gt;&lt;img src="selenium-screenshot-35.png" width="800px"&gt;&lt;/a&gt;</msg>
<status status="PASS" starttime="20210716 16:22:59.753" endtime="20210716 16:22:59.958"/>
</kw>
<status status="PASS" starttime="20210716 16:22:58.364" endtime="20210716 16:22:59.959"/>
</kw>
<status status="PASS" starttime="20210716 16:22:58.363" endtime="20210716 16:22:59.959"/>
</kw>
<status status="PASS" starttime="20210716 16:22:58.120" endtime="20210716 16:22:59.959"/>
</kw>
<kw name="Verifica CheckBox Gender e seleciona" library="Accenture_resource">
<arg>${Gender_ComboBx}</arg>
<arg>${Gender}</arg>
<kw name="Run Keyword And Return Status" library="BuiltIn">
<var>${Status}</var>
<arg>Olha se Existe</arg>
<arg>${pageObject}</arg>
<doc>Runs the given keyword with given arguments and returns the status as a Boolean value.</doc>
<kw name="Olha se Existe" library="Accenture_resource">
<arg>${pageObject}</arg>
<kw name="Wait Until Element Is Visible" library="SeleniumLibrary">
<arg>${element}</arg>
<arg>20</arg>
<doc>Waits until the element ``locator`` is visible.</doc>
<status status="PASS" starttime="20210716 16:22:59.963" endtime="20210716 16:22:59.996"/>
</kw>
<kw name="Capture Page Screenshot" library="SeleniumLibrary">
<doc>Takes a screenshot of the current page and embeds it into a log file.</doc>
<msg timestamp="20210716 16:23:00.219" level="INFO" html="true">&lt;/td&gt;&lt;/tr&gt;&lt;tr&gt;&lt;td colspan="3"&gt;&lt;a href="selenium-screenshot-36.png"&gt;&lt;img src="selenium-screenshot-36.png" width="800px"&gt;&lt;/a&gt;</msg>
<status status="PASS" starttime="20210716 16:22:59.997" endtime="20210716 16:23:00.219"/>
</kw>
<status status="PASS" starttime="20210716 16:22:59.962" endtime="20210716 16:23:00.220"/>
</kw>
<msg timestamp="20210716 16:23:00.220" level="INFO">${Status} = True</msg>
<status status="PASS" starttime="20210716 16:22:59.961" endtime="20210716 16:23:00.220"/>
</kw>
<kw name="Run Keyword If" library="BuiltIn">
<arg>'${Status}' == 'True'</arg>
<arg>Seleciona Item Check Box Gender</arg>
<arg>${opção}</arg>
<doc>Runs the given keyword with the given arguments, if ``condition`` is true.</doc>
<kw name="Seleciona Item Check Box Gender" library="Accenture_resource">
<arg>${opção}</arg>
<if>
<branch type="IF" condition="'${element}' == 'Male'">
<kw name="Click No Item" library="Accenture_resource">
<arg>${GenderMale}</arg>
<kw name="Sleep" library="BuiltIn">
<arg>1</arg>
<doc>Pauses the test executed for the given time.</doc>
<msg timestamp="20210716 16:23:01.238" level="INFO">Slept 1 second</msg>
<status status="PASS" starttime="20210716 16:23:00.223" endtime="20210716 16:23:01.238"/>
</kw>
<kw name="Wait Until Element Is Visible" library="SeleniumLibrary">
<arg>${item}</arg>
<arg>20</arg>
<doc>Waits until the element ``locator`` is visible.</doc>
<status status="PASS" starttime="20210716 16:23:01.239" endtime="20210716 16:23:01.270"/>
</kw>
<kw name="Click Element" library="SeleniumLibrary">
<arg>${item}</arg>
<doc>Click the element identified by ``locator``.</doc>
<msg timestamp="20210716 16:23:01.271" level="INFO">Clicking element 'xpath=//form[@id="insurance-form"]/div/section[2]/div[4]/p/label[1]/span'.</msg>
<status status="PASS" starttime="20210716 16:23:01.271" endtime="20210716 16:23:01.340"/>
</kw>
<kw name="Capture Page Screenshot" library="SeleniumLibrary">
<doc>Takes a screenshot of the current page and embeds it into a log file.</doc>
<msg timestamp="20210716 16:23:01.523" level="INFO" html="true">&lt;/td&gt;&lt;/tr&gt;&lt;tr&gt;&lt;td colspan="3"&gt;&lt;a href="selenium-screenshot-37.png"&gt;&lt;img src="selenium-screenshot-37.png" width="800px"&gt;&lt;/a&gt;</msg>
<status status="PASS" starttime="20210716 16:23:01.341" endtime="20210716 16:23:01.524"/>
</kw>
<status status="PASS" starttime="20210716 16:23:00.222" endtime="20210716 16:23:01.524"/>
</kw>
<status status="PASS" starttime="20210716 16:23:00.222" endtime="20210716 16:23:01.524"/>
</branch>
<branch type="ELSE">
<kw name="Click No Item" library="Accenture_resource">
<arg>${GenderFemale}</arg>
<status status="NOT RUN" starttime="20210716 16:23:01.525" endtime="20210716 16:23:01.525"/>
</kw>
<status status="NOT RUN" starttime="20210716 16:23:01.525" endtime="20210716 16:23:01.525"/>
</branch>
<status status="PASS" starttime="20210716 16:23:00.222" endtime="20210716 16:23:01.525"/>
</if>
<status status="PASS" starttime="20210716 16:23:00.221" endtime="20210716 16:23:01.526"/>
</kw>
<status status="PASS" starttime="20210716 16:23:00.220" endtime="20210716 16:23:01.526"/>
</kw>
<status status="PASS" starttime="20210716 16:22:59.960" endtime="20210716 16:23:01.526"/>
</kw>
<kw name="Verifica Se Input Esta Na Tela" library="Accenture_resource">
<arg>${StreetAddress_Input}</arg>
<arg>${Street_Address}</arg>
<kw name="Run Keyword And Return Status" library="BuiltIn">
<var>${Status}</var>
<arg>Olha se Existe</arg>
<arg>${pageObject}</arg>
<doc>Runs the given keyword with given arguments and returns the status as a Boolean value.</doc>
<kw name="Olha se Existe" library="Accenture_resource">
<arg>${pageObject}</arg>
<kw name="Wait Until Element Is Visible" library="SeleniumLibrary">
<arg>${element}</arg>
<arg>20</arg>
<doc>Waits until the element ``locator`` is visible.</doc>
<status status="PASS" starttime="20210716 16:23:01.528" endtime="20210716 16:23:01.565"/>
</kw>
<kw name="Capture Page Screenshot" library="SeleniumLibrary">
<doc>Takes a screenshot of the current page and embeds it into a log file.</doc>
<msg timestamp="20210716 16:23:01.736" level="INFO" html="true">&lt;/td&gt;&lt;/tr&gt;&lt;tr&gt;&lt;td colspan="3"&gt;&lt;a href="selenium-screenshot-38.png"&gt;&lt;img src="selenium-screenshot-38.png" width="800px"&gt;&lt;/a&gt;</msg>
<status status="PASS" starttime="20210716 16:23:01.566" endtime="20210716 16:23:01.736"/>
</kw>
<status status="PASS" starttime="20210716 16:23:01.527" endtime="20210716 16:23:01.737"/>
</kw>
<msg timestamp="20210716 16:23:01.737" level="INFO">${Status} = True</msg>
<status status="PASS" starttime="20210716 16:23:01.527" endtime="20210716 16:23:01.737"/>
</kw>
<kw name="Run Keyword If" library="BuiltIn">
<arg>'${Status}' == 'True'</arg>
<arg>Preenche Text</arg>
<arg>${pageObject}</arg>
<arg>${opção}</arg>
<doc>Runs the given keyword with the given arguments, if ``condition`` is true.</doc>
<kw name="Preenche Text" library="Accenture_resource">
<arg>${pageObject}</arg>
<arg>${opção}</arg>
<kw name="Sleep" library="BuiltIn">
<arg>1</arg>
<doc>Pauses the test executed for the given time.</doc>
<msg timestamp="20210716 16:23:02.752" level="INFO">Slept 1 second</msg>
<status status="PASS" starttime="20210716 16:23:01.740" endtime="20210716 16:23:02.752"/>
</kw>
<kw name="Wait Until Element Is Visible" library="SeleniumLibrary">
<arg>${input}</arg>
<arg>20</arg>
<doc>Waits until the element ``locator`` is visible.</doc>
<status status="PASS" starttime="20210716 16:23:02.753" endtime="20210716 16:23:02.815"/>
</kw>
<kw name="Input Text" library="SeleniumLibrary">
<arg>${input}</arg>
<arg>${Text}</arg>
<doc>Types the given ``text`` into the text field identified by ``locator``.</doc>
<msg timestamp="20210716 16:23:02.818" level="INFO">Typing text 'R. Mariano filho 280' into text field 'xpath=//input[@id='streetaddress']'.</msg>
<status status="PASS" starttime="20210716 16:23:02.816" endtime="20210716 16:23:03.117"/>
</kw>
<kw name="Capture Page Screenshot" library="SeleniumLibrary">
<doc>Takes a screenshot of the current page and embeds it into a log file.</doc>
<msg timestamp="20210716 16:23:03.295" level="INFO" html="true">&lt;/td&gt;&lt;/tr&gt;&lt;tr&gt;&lt;td colspan="3"&gt;&lt;a href="selenium-screenshot-39.png"&gt;&lt;img src="selenium-screenshot-39.png" width="800px"&gt;&lt;/a&gt;</msg>
<status status="PASS" starttime="20210716 16:23:03.117" endtime="20210716 16:23:03.295"/>
</kw>
<status status="PASS" starttime="20210716 16:23:01.739" endtime="20210716 16:23:03.295"/>
</kw>
<status status="PASS" starttime="20210716 16:23:01.738" endtime="20210716 16:23:03.295"/>
</kw>
<status status="PASS" starttime="20210716 16:23:01.526" endtime="20210716 16:23:03.296"/>
</kw>
<kw name="Verifica Se ComboBox Esta Na Tela" library="Accenture_resource">
<arg>${Country_ComboBx}</arg>
<arg>${Country}</arg>
<kw name="Run Keyword And Return Status" library="BuiltIn">
<var>${Status}</var>
<arg>Olha se Existe</arg>
<arg>${pageObject}</arg>
[...]
</kw>
<msg timestamp="20210716 16:23:30.497" level="INFO">${Status} = True</msg>
<status status="PASS" starttime="20210716 16:23:30.286" endtime="20210716 16:23:30.497"/>
</kw>
<kw name="Run Keyword If" library="BuiltIn">
<arg>'${Status}' == 'True'</arg>
<arg>Preenche Text</arg>
<arg>${pageObject}</arg>
<arg>${opção}</arg>
<doc>Runs the given keyword with the given arguments, if ``condition`` is true.</doc>
<kw name="Preenche Text" library="Accenture_resource">
<arg>${pageObject}</arg>
<arg>${opção}</arg>
<kw name="Sleep" library="BuiltIn">
<arg>1</arg>
<doc>Pauses the test executed for the given time.</doc>
<msg timestamp="20210716 16:23:31.512" level="INFO">Slept 1 second</msg>
<status status="PASS" starttime="20210716 16:23:30.501" endtime="20210716 16:23:31.512"/>
</kw>
<kw name="Wait Until Element Is Visible" library="SeleniumLibrary">
<arg>${input}</arg>
<arg>20</arg>
<doc>Waits until the element ``locator`` is visible.</doc>
<status status="PASS" starttime="20210716 16:23:31.512" endtime="20210716 16:23:31.545"/>
</kw>
<kw name="Input Text" library="SeleniumLibrary">
<arg>${input}</arg>
<arg>${Text}</arg>
<doc>Types the given ``text`` into the text field identified by ``locator``.</doc>
<msg timestamp="20210716 16:23:31.547" level="INFO">Typing text '985057804' into text field 'xpath=//input[@id='phone']'.</msg>
<status status="PASS" starttime="20210716 16:23:31.546" endtime="20210716 16:23:31.795"/>
</kw>
<kw name="Capture Page Screenshot" library="SeleniumLibrary">
<doc>Takes a screenshot of the current page and embeds it into a log file.</doc>
<msg timestamp="20210716 16:23:31.990" level="INFO" html="true">&lt;/td&gt;&lt;/tr&gt;&lt;tr&gt;&lt;td colspan="3"&gt;&lt;a href="selenium-screenshot-73.png"&gt;&lt;img src="selenium-screenshot-73.png" width="800px"&gt;&lt;/a&gt;</msg>
<status status="PASS" starttime="20210716 16:23:31.796" endtime="20210716 16:23:31.990"/>
</kw>
<status status="PASS" starttime="20210716 16:23:30.499" endtime="20210716 16:23:31.991"/>
</kw>
<status status="PASS" starttime="20210716 16:23:30.497" endtime="20210716 16:23:31.991"/>
</kw>
<status status="PASS" starttime="20210716 16:23:30.285" endtime="20210716 16:23:31.992"/>
</kw>
<kw name="Verifica Se Input Esta Na Tela" library="Accenture_resource">
<arg>${Username_Input}</arg>
<arg>${Name}</arg>
<kw name="Run Keyword And Return Status" library="BuiltIn">
<var>${Status}</var>
<arg>Olha se Existe</arg>
<arg>${pageObject}</arg>
<doc>Runs the given keyword with given arguments and returns the status as a Boolean value.</doc>
<kw name="Olha se Existe" library="Accenture_resource">
<arg>${pageObject}</arg>
<kw name="Wait Until Element Is Visible" library="SeleniumLibrary">
<arg>${element}</arg>
<arg>20</arg>
<doc>Waits until the element ``locator`` is visible.</doc>
<status status="PASS" starttime="20210716 16:23:31.995" endtime="20210716 16:23:32.028"/>
</kw>
<kw name="Capture Page Screenshot" library="SeleniumLibrary">
<doc>Takes a screenshot of the current page and embeds it into a log file.</doc>
<msg timestamp="20210716 16:23:32.228" level="INFO" html="true">&lt;/td&gt;&lt;/tr&gt;&lt;tr&gt;&lt;td colspan="3"&gt;&lt;a href="selenium-screenshot-74.png"&gt;&lt;img src="selenium-screenshot-74.png" width="800px"&gt;&lt;/a&gt;</msg>
<status status="PASS" starttime="20210716 16:23:32.028" endtime="20210716 16:23:32.229"/>
</kw>
<status status="PASS" starttime="20210716 16:23:31.994" endtime="20210716 16:23:32.229"/>
</kw>
<msg timestamp="20210716 16:23:32.229" level="INFO">${Status} = True</msg>
<status status="PASS" starttime="20210716 16:23:31.994" endtime="20210716 16:23:32.229"/>
</kw>
<kw name="Run Keyword If" library="BuiltIn">
<arg>'${Status}' == 'True'</arg>
<arg>Preenche Text</arg>
<arg>${pageObject}</arg>
<arg>${opção}</arg>
<doc>Runs the given keyword with the given arguments, if ``condition`` is true.</doc>
<kw name="Preenche Text" library="Accenture_resource">
<arg>${pageObject}</arg>
<arg>${opção}</arg>
<kw name="Sleep" library="BuiltIn">
<arg>1</arg>
<doc>Pauses the test executed for the given time.</doc>
<msg timestamp="20210716 16:23:33.241" level="INFO">Slept 1 second</msg>
<status status="PASS" starttime="20210716 16:23:32.231" endtime="20210716 16:23:33.242"/>
</kw>
<kw name="Wait Until Element Is Visible" library="SeleniumLibrary">
<arg>${input}</arg>
<arg>20</arg>
<doc>Waits until the element ``locator`` is visible.</doc>
<status status="PASS" starttime="20210716 16:23:33.242" endtime="20210716 16:23:33.289"/>
</kw>
<kw name="Input Text" library="SeleniumLibrary">
<arg>${input}</arg>
<arg>${Text}</arg>
<doc>Types the given ``text`` into the text field identified by ``locator``.</doc>
<msg timestamp="20210716 16:23:33.291" level="INFO">Typing text 'Luis' into text field 'xpath=//section//div//input[@id='username']'.</msg>
<status status="PASS" starttime="20210716 16:23:33.290" endtime="20210716 16:23:33.440"/>
</kw>
<kw name="Capture Page Screenshot" library="SeleniumLibrary">
<doc>Takes a screenshot of the current page and embeds it into a log file.</doc>
<msg timestamp="20210716 16:23:33.617" level="INFO" html="true">&lt;/td&gt;&lt;/tr&gt;&lt;tr&gt;&lt;td colspan="3"&gt;&lt;a href="selenium-screenshot-75.png"&gt;&lt;img src="selenium-screenshot-75.png" width="800px"&gt;&lt;/a&gt;</msg>
<status status="PASS" starttime="20210716 16:23:33.440" endtime="20210716 16:23:33.617"/>
</kw>
<status status="PASS" starttime="20210716 16:23:32.230" endtime="20210716 16:23:33.617"/>
</kw>
<status status="PASS" starttime="20210716 16:23:32.229" endtime="20210716 16:23:33.617"/>
</kw>
<status status="PASS" starttime="20210716 16:23:31.992" endtime="20210716 16:23:33.618"/>
</kw>
<kw name="Verifica Se Input Esta Na Tela" library="Accenture_resource">
<arg>${Password_Input}</arg>
<arg>${Password}</arg>
<kw name="Run Keyword And Return Status" library="BuiltIn">
<var>${Status}</var>
<arg>Olha se Existe</arg>
<arg>${pageObject}</arg>
<doc>Runs the given keyword with given arguments and returns the status as a Boolean value.</doc>
<kw name="Olha se Existe" library="Accenture_resource">
<arg>${pageObject}</arg>
<kw name="Wait Until Element Is Visible" library="SeleniumLibrary">
<arg>${element}</arg>
<arg>20</arg>
<doc>Waits until the element ``locator`` is visible.</doc>
<status status="PASS" starttime="20210716 16:23:33.620" endtime="20210716 16:23:33.653"/>
</kw>
<kw name="Capture Page Screenshot" library="SeleniumLibrary">
<doc>Takes a screenshot of the current page and embeds it into a log file.</doc>
<msg timestamp="20210716 16:23:33.828" level="INFO" html="true">&lt;/td&gt;&lt;/tr&gt;&lt;tr&gt;&lt;td colspan="3"&gt;&lt;a href="selenium-screenshot-76.png"&gt;&lt;img src="selenium-screenshot-76.png" width="800px"&gt;&lt;/a&gt;</msg>
<status status="PASS" starttime="20210716 16:23:33.653" endtime="20210716 16:23:33.828"/>
</kw>
<status status="PASS" starttime="20210716 16:23:33.619" endtime="20210716 16:23:33.829"/>
</kw>
<msg timestamp="20210716 16:23:33.829" level="INFO">${Status} = True</msg>
<status status="PASS" starttime="20210716 16:23:33.619" endtime="20210716 16:23:33.829"/>
</kw>
<kw name="Run Keyword If" library="BuiltIn">
<arg>'${Status}' == 'True'</arg>
<arg>Preenche Text</arg>
<arg>${pageObject}</arg>
<arg>${opção}</arg>
<doc>Runs the given keyword with the given arguments, if ``condition`` is true.</doc>
<kw name="Preenche Text" library="Accenture_resource">
<arg>${pageObject}</arg>
<arg>${opção}</arg>
<kw name="Sleep" library="BuiltIn">
<arg>1</arg>
<doc>Pauses the test executed for the given time.</doc>
<msg timestamp="20210716 16:23:34.836" level="INFO">Slept 1 second</msg>
<status status="PASS" starttime="20210716 16:23:33.831" endtime="20210716 16:23:34.837"/>
</kw>
<kw name="Wait Until Element Is Visible" library="SeleniumLibrary">
<arg>${input}</arg>
<arg>20</arg>
<doc>Waits until the element ``locator`` is visible.</doc>
<status status="PASS" starttime="20210716 16:23:34.838" endtime="20210716 16:23:34.878"/>
</kw>
<kw name="Input Text" library="SeleniumLibrary">
<arg>${input}</arg>
<arg>${Text}</arg>
<doc>Types the given ``text`` into the text field identified by ``locator``.</doc>
<msg timestamp="20210716 16:23:34.879" level="INFO">Typing text '0Cluis' into text field 'xpath=//input[@id='password']'.</msg>
<status status="PASS" starttime="20210716 16:23:34.878" endtime="20210716 16:23:35.075"/>
</kw>
<kw name="Capture Page Screenshot" library="SeleniumLibrary">
<doc>Takes a screenshot of the current page and embeds it into a log file.</doc>
<msg timestamp="20210716 16:23:35.254" level="INFO" html="true">&lt;/td&gt;&lt;/tr&gt;&lt;tr&gt;&lt;td colspan="3"&gt;&lt;a href="selenium-screenshot-77.png"&gt;&lt;img src="selenium-screenshot-77.png" width="800px"&gt;&lt;/a&gt;</msg>
<status status="PASS" starttime="20210716 16:23:35.075" endtime="20210716 16:23:35.255"/>
</kw>
<status status="PASS" starttime="20210716 16:23:33.830" endtime="20210716 16:23:35.255"/>
</kw>
<status status="PASS" starttime="20210716 16:23:33.829" endtime="20210716 16:23:35.255"/>
</kw>
<status status="PASS" starttime="20210716 16:23:33.618" endtime="20210716 16:23:35.256"/>
</kw>
<kw name="Verifica Se Input Esta Na Tela" library="Accenture_resource">
<arg>${ConfirmPassword_Input}</arg>
<arg>${Password}</arg>
<kw name="Run Keyword And Return Status" library="BuiltIn">
<var>${Status}</var>
<arg>Olha se Existe</arg>
<arg>${pageObject}</arg>
<doc>Runs the given keyword with given arguments and returns the status as a Boolean value.</doc>
<kw name="Olha se Existe" library="Accenture_resource">
<arg>${pageObject}</arg>
<kw name="Wait Until Element Is Visible" library="SeleniumLibrary">
<arg>${element}</arg>
<arg>20</arg>
<doc>Waits until the element ``locator`` is visible.</doc>
<status status="PASS" starttime="20210716 16:23:35.258" endtime="20210716 16:23:35.293"/>
</kw>
<kw name="Capture Page Screenshot" library="SeleniumLibrary">
<doc>Takes a screenshot of the current page and embeds it into a log file.</doc>
<msg timestamp="20210716 16:23:35.495" level="INFO" html="true">&lt;/td&gt;&lt;/tr&gt;&lt;tr&gt;&lt;td colspan="3"&gt;&lt;a href="selenium-screenshot-78.png"&gt;&lt;img src="selenium-screenshot-78.png" width="800px"&gt;&lt;/a&gt;</msg>
<status status="PASS" starttime="20210716 16:23:35.293" endtime="20210716 16:23:35.495"/>
</kw>
<status status="PASS" starttime="20210716 16:23:35.257" endtime="20210716 16:23:35.496"/>
</kw>
<msg timestamp="20210716 16:23:35.496" level="INFO">${Status} = True</msg>
<status status="PASS" starttime="20210716 16:23:35.257" endtime="20210716 16:23:35.496"/>
</kw>
<kw name="Run Keyword If" library="BuiltIn">
<arg>'${Status}' == 'True'</arg>
<arg>Preenche Text</arg>
<arg>${pageObject}</arg>
<arg>${opção}</arg>
<doc>Runs the given keyword with the given arguments, if ``condition`` is true.</doc>
<kw name="Preenche Text" library="Accenture_resource">
<arg>${pageObject}</arg>
<arg>${opção}</arg>
<kw name="Sleep" library="BuiltIn">
<arg>1</arg>
<doc>Pauses the test executed for the given time.</doc>
<msg timestamp="20210716 16:23:36.509" level="INFO">Slept 1 second</msg>
<status status="PASS" starttime="20210716 16:23:35.498" endtime="20210716 16:23:36.510"/>
</kw>
<kw name="Wait Until Element Is Visible" library="SeleniumLibrary">
<arg>${input}</arg>
<arg>20</arg>
<doc>Waits until the element ``locator`` is visible.</doc>
<status status="PASS" starttime="20210716 16:23:36.510" endtime="20210716 16:23:36.573"/>
</kw>
<kw name="Input Text" library="SeleniumLibrary">
<arg>${input}</arg>
<arg>${Text}</arg>
<doc>Types the given ``text`` into the text field identified by ``locator``.</doc>
<msg timestamp="20210716 16:23:36.575" level="INFO">Typing text '0Cluis' into text field 'xpath=//input[@id='confirmpassword']'.</msg>
<status status="PASS" starttime="20210716 16:23:36.573" endtime="20210716 16:23:36.826"/>
</kw>
<kw name="Capture Page Screenshot" library="SeleniumLibrary">
<doc>Takes a screenshot of the current page and embeds it into a log file.</doc>
<msg timestamp="20210716 16:23:37.044" level="INFO" html="true">&lt;/td&gt;&lt;/tr&gt;&lt;tr&gt;&lt;td colspan="3"&gt;&lt;a href="selenium-screenshot-79.png"&gt;&lt;img src="selenium-screenshot-79.png" width="800px"&gt;&lt;/a&gt;</msg>
<status status="PASS" starttime="20210716 16:23:36.826" endtime="20210716 16:23:37.044"/>
</kw>
<status status="PASS" starttime="20210716 16:23:35.497" endtime="20210716 16:23:37.044"/>
</kw>
<status status="PASS" starttime="20210716 16:23:35.496" endtime="20210716 16:23:37.044"/>
</kw>
<status status="PASS" starttime="20210716 16:23:35.256" endtime="20210716 16:23:37.045"/>
</kw>
<status status="PASS" starttime="20210716 16:23:28.183" endtime="20210716 16:23:37.045"/>
</kw>
<kw name="Então Valido a tela com mensagem “Sending e-mail success!” confirmando que passou com sucesso" library="Accenture_steps">
<kw name="Verifica Se Item Esta Na Tela" library="Accenture_resource">
<arg>${Next5}</arg>
<kw name="Run Keyword And Return Status" library="BuiltIn">
<var>${Status}</var>
<arg>Olha se Existe</arg>
<arg>${pageObject}</arg>
<doc>Runs the given keyword with given arguments and returns the status as a Boolean value.</doc>
<kw name="Olha se Existe" library="Accenture_resource">
<arg>${pageObject}</arg>
<kw name="Wait Until Element Is Visible" library="SeleniumLibrary">
<arg>${element}</arg>
<arg>20</arg>
<doc>Waits until the element ``locator`` is visible.</doc>
<status status="PASS" starttime="20210716 16:23:37.048" endtime="20210716 16:23:37.087"/>
</kw>
<kw name="Capture Page Screenshot" library="SeleniumLibrary">
<doc>Takes a screenshot of the current page and embeds it into a log file.</doc>
<msg timestamp="20210716 16:23:37.268" level="INFO" html="true">&lt;/td&gt;&lt;/tr&gt;&lt;tr&gt;&lt;td colspan="3"&gt;&lt;a href="selenium-screenshot-80.png"&gt;&lt;img src="selenium-screenshot-80.png" width="800px"&gt;&lt;/a&gt;</msg>
<status status="PASS" starttime="20210716 16:23:37.087" endtime="20210716 16:23:37.269"/>
</kw>
<status status="PASS" starttime="20210716 16:23:37.047" endtime="20210716 16:23:37.269"/>
</kw>
<msg timestamp="20210716 16:23:37.269" level="INFO">${Status} = True</msg>
<status status="PASS" starttime="20210716 16:23:37.047" endtime="20210716 16:23:37.269"/>
</kw>
<kw name="Run Keyword If" library="BuiltIn">
<arg>'${Status}' == 'True'</arg>
<arg>Click No Item</arg>
<arg>${pageObject}</arg>
<doc>Runs the given keyword with the given arguments, if ``condition`` is true.</doc>
<kw name="Click No Item" library="Accenture_resource">
<arg>${pageObject}</arg>
<kw name="Sleep" library="BuiltIn">
<arg>1</arg>
<doc>Pauses the test executed for the given time.</doc>
<msg timestamp="20210716 16:23:38.280" level="INFO">Slept 1 second</msg>
<status status="PASS" starttime="20210716 16:23:37.271" endtime="20210716 16:23:38.281"/>
</kw>
<kw name="Wait Until Element Is Visible" library="SeleniumLibrary">
<arg>${item}</arg>
<arg>20</arg>
<doc>Waits until the element ``locator`` is visible.</doc>
<status status="PASS" starttime="20210716 16:23:38.281" endtime="20210716 16:23:38.344"/>
</kw>
<kw name="Click Element" library="SeleniumLibrary">
<arg>${item}</arg>
<doc>Click the element identified by ``locator``.</doc>
<msg timestamp="20210716 16:23:38.346" level="INFO">Clicking element 'xpath=//button[@id='sendemail']'.</msg>
<status status="PASS" starttime="20210716 16:23:38.345" endtime="20210716 16:23:38.503"/>
</kw>
<kw name="Capture Page Screenshot" library="SeleniumLibrary">
<doc>Takes a screenshot of the current page and embeds it into a log file.</doc>
<msg timestamp="20210716 16:23:38.718" level="INFO" html="true">&lt;/td&gt;&lt;/tr&gt;&lt;tr&gt;&lt;td colspan="3"&gt;&lt;a href="selenium-screenshot-81.png"&gt;&lt;img src="selenium-screenshot-81.png" width="800px"&gt;&lt;/a&gt;</msg>
<status status="PASS" starttime="20210716 16:23:38.504" endtime="20210716 16:23:38.718"/>
</kw>
<status status="PASS" starttime="20210716 16:23:37.270" endtime="20210716 16:23:38.718"/>
</kw>
<status status="PASS" starttime="20210716 16:23:37.269" endtime="20210716 16:23:38.719"/>
</kw>
<status status="PASS" starttime="20210716 16:23:37.046" endtime="20210716 16:23:38.719"/>
</kw>
<kw name="Verifica Se Item Esta Na Tela" library="Accenture_resource">
<arg>${Okay}</arg>
<kw name="Run Keyword And Return Status" library="BuiltIn">
<var>${Status}</var>
<arg>Olha se Existe</arg>
<arg>${pageObject}</arg>
<doc>Runs the given keyword with given arguments and returns the status as a Boolean value.</doc>
<kw name="Olha se Existe" library="Accenture_resource">
<arg>${pageObject}</arg>
<kw name="Wait Until Element Is Visible" library="SeleniumLibrary">
<arg>${element}</arg>
<arg>20</arg>
<doc>Waits until the element ``locator`` is visible.</doc>
<status status="PASS" starttime="20210716 16:23:38.721" endtime="20210716 16:23:47.380"/>
</kw>
<kw name="Capture Page Screenshot" library="SeleniumLibrary">
<doc>Takes a screenshot of the current page and embeds it into a log file.</doc>
<msg timestamp="20210716 16:23:47.613" level="INFO" html="true">&lt;/td&gt;&lt;/tr&gt;&lt;tr&gt;&lt;td colspan="3"&gt;&lt;a href="selenium-screenshot-82.png"&gt;&lt;img src="selenium-screenshot-82.png" width="800px"&gt;&lt;/a&gt;</msg>
<status status="PASS" starttime="20210716 16:23:47.380" endtime="20210716 16:23:47.613"/>
</kw>
<status status="PASS" starttime="20210716 16:23:38.720" endtime="20210716 16:23:47.613"/>
</kw>
<msg timestamp="20210716 16:23:47.613" level="INFO">${Status} = True</msg>
<status status="PASS" starttime="20210716 16:23:38.720" endtime="20210716 16:23:47.614"/>
</kw>
<kw name="Run Keyword If" library="BuiltIn">
<arg>'${Status}' == 'True'</arg>
<arg>Click No Item</arg>
<arg>${pageObject}</arg>
<doc>Runs the given keyword with the given arguments, if ``condition`` is true.</doc>
<kw name="Click No Item" library="Accenture_resource">
<arg>${pageObject}</arg>
<kw name="Sleep" library="BuiltIn">
<arg>1</arg>
<doc>Pauses the test executed for the given time.</doc>
<msg timestamp="20210716 16:23:48.627" level="INFO">Slept 1 second</msg>
<status status="PASS" starttime="20210716 16:23:47.615" endtime="20210716 16:23:48.628"/>
</kw>
<kw name="Wait Until Element Is Visible" library="SeleniumLibrary">
<arg>${item}</arg>
<arg>20</arg>
<doc>Waits until the element ``locator`` is visible.</doc>
<status status="PASS" starttime="20210716 16:23:48.628" endtime="20210716 16:23:48.671"/>
</kw>
<kw name="Click Element" library="SeleniumLibrary">
<arg>${item}</arg>
<doc>Click the element identified by ``locator``.</doc>
<msg timestamp="20210716 16:23:48.672" level="INFO">Clicking element 'xpath=//button[@class='confirm']'.</msg>
<status status="PASS" starttime="20210716 16:23:48.671" endtime="20210716 16:23:48.740"/>
</kw>
<kw name="Capture Page Screenshot" library="SeleniumLibrary">
<doc>Takes a screenshot of the current page and embeds it into a log file.</doc>
<msg timestamp="20210716 16:23:48.954" level="INFO" html="true">&lt;/td&gt;&lt;/tr&gt;&lt;tr&gt;&lt;td colspan="3"&gt;&lt;a href="selenium-screenshot-83.png"&gt;&lt;img src="selenium-screenshot-83.png" width="800px"&gt;&lt;/a&gt;</msg>
<status status="PASS" starttime="20210716 16:23:48.740" endtime="20210716 16:23:48.954"/>
</kw>
<status status="PASS" starttime="20210716 16:23:47.614" endtime="20210716 16:23:48.955"/>
</kw>
<status status="PASS" starttime="20210716 16:23:47.614" endtime="20210716 16:23:48.955"/>
</kw>
<status status="PASS" starttime="20210716 16:23:38.719" endtime="20210716 16:23:48.955"/>
</kw>
<status status="PASS" starttime="20210716 16:23:37.046" endtime="20210716 16:23:48.955"/>
</kw>
<status status="PASS" starttime="20210716 16:22:19.854" endtime="20210716 16:23:48.957"/>
</test>
<status status="PASS" starttime="20210716 16:22:19.396" endtime="20210716 16:23:48.959"/>
</suite>
<statistics>
<total>
<stat pass="1" fail="0" skip="0">All Tests</stat>
</total>
<tag>
</tag>
<suite>
<stat pass="1" fail="0" skip="0" id="s1" name="Accenture">Accenture</stat>
</suite>
</statistics>
<errors>
</errors>
</robot>
